This is pdfTeX, Version 3.141592653-2.6-1.40.25 (TeX Live 2023) (preloaded format=pdflatex 2023.6.6)  19 NOV 2025 15:19
entering extended mode
 \write18 enabled.
 file:line:error style messages enabled.
 %&-line parsing enabled.
**e:/Uni/Bachelorarbeit/LaTeX/bachelorarbeit.tex
(e:/Uni/Bachelorarbeit/LaTeX/bachelorarbeit.tex
LaTeX2e <2022-11-01> patch level 1
L3 programming layer <2023-05-22> (d:/TexLive/2023/texmf-dist/tex/latex/koma-script/scrbook.cls
Document Class: scrbook 2023/04/24 v3.40 KOMA-Script document class (book)
(d:/TexLive/2023/texmf-dist/tex/latex/koma-script/scrkbase.sty
Package: scrkbase 2023/04/24 v3.40 KOMA-Script package (KOMA-Script-dependent basics and keyval usage)
 (d:/TexLive/2023/texmf-dist/tex/latex/koma-script/scrbase.sty
Package: scrbase 2023/04/24 v3.40 KOMA-Script package (KOMA-Script-independent basics and keyval usage)
 (d:/TexLive/2023/texmf-dist/tex/latex/koma-script/scrlfile.sty
Package: scrlfile 2023/04/24 v3.40 KOMA-Script package (file load hooks)
 (d:/TexLive/2023/texmf-dist/tex/latex/koma-script/scrlfile-hook.sty
Package: scrlfile-hook 2023/04/24 v3.40 KOMA-Script package (using LaTeX hooks)
 (d:/TexLive/2023/texmf-dist/tex/latex/koma-script/scrlogo.sty
Package: scrlogo 2023/04/24 v3.40 KOMA-Script package (logo)
))) (d:/TexLive/2023/texmf-dist/tex/latex/graphics/keyval.sty
Package: keyval 2022/05/29 v1.15 key=value parser (DPC)
\KV@toks@=\toks16
)
Applying: [2021/05/01] Usage of raw or classic option list on input line 252.
Already applied: [0000/00/00] Usage of raw or classic option list on input line 368.
)) (d:/TexLive/2023/texmf-dist/tex/latex/koma-script/tocbasic.sty
Package: tocbasic 2023/04/24 v3.40 KOMA-Script package (handling toc-files)
\scr@dte@tocline@numberwidth=\skip48
\scr@dte@tocline@numbox=\box51
)
Package tocbasic Info: omitting babel extension for `toc'
(tocbasic)             because of feature `nobabel' available
(tocbasic)             for `toc' on input line 135.
Package scrbook Info: You've used standard option `12pt'.
(scrbook)             This is correct!
(scrbook)             Internally I'm using `fontsize=12pt'.
(scrbook)             If you'd like to set the option with \KOMAoptions,
(scrbook)             you'd have to use `fontsize=12pt' there
(scrbook)             instead of `12pt', too.
Class scrbook Info: You've used standard option `oneside'.
(scrbook)           This is correct!
(scrbook)           Internally I'm using `twoside=false'.
(scrbook)           If you'd like to set the option with \KOMAoptions,
(scrbook)           you'd have to use `twoside=false' there
(scrbook)           instead of `oneside', too.


Class scrbook Warning: You've used deprecated option `pointlessnumbers'.
(scrbook)              Usage of this option indicates an old document
(scrbook)              and changes compatibility level using
(scrbook)              `numbers=noenddot,version=first,
(scrbook)              enabledeprecatedfontcommands' that may result
(scrbook)              in further warnings.
(scrbook)              If you don't want this, you should simply
(scrbook)              replace option `pointlessnumbers' by `numbers=noenddot'.

Class scrbook Info: Switching compatibility level to `first'.

Class scrbook Warning: Switching back to an old KOMA-Script release does
(scrbook)              not mean, that KOMA-Script is fully compatible with
(scrbook)              the old release. If you need full compatibility
(scrbook)              to an old KOMA-Script release, you should use that
(scrbook)              old KOMA-Script release. However, in that case you
(scrbook)              could also need old releases of other packages and
(scrbook)              even of the LaTeX kernel.
(scrbook)              You should also note, that the KOMA-Script developers
(scrbook)              refuse support for documents using `version=first'.
(scrbook)              We recommend to eliminate all deprecated options
(scrbook)              and commands. We also recommend to not use option
(scrbook)              `version', i.e., with other values than `last'.


Class scrbook Warning: deprecated option `enabledeprecatedfontcommands'.
(scrbook)              Note, that this option was already depreacted when
(scrbook)              it has been defined. Support for old font commands
(scrbook)              has been removed from KOMA-Script more than one
(scrbook)              decade ago. It is not recommended to use them any
(scrbook)              longer. Therefore usage of this class option also
(scrbook)              is not recommended.


Class scrbook Warning: You've used deprecated option `bibtotoc'.
(scrbook)              Usage of this option indicates an old document
(scrbook)              and changes compatibility level using
(scrbook)              `bibliography=totoc,version=first,
(scrbook)              enabledeprecatedfontcommands' that may result
(scrbook)              in further warnings.
(scrbook)              If you don't want this, you should simply
(scrbook)              replace option `bibtotoc' by `bibliography=totoc'.

Class scrbook Info: Switching compatibility level to `first'.

Class scrbook Warning: Switching back to an old KOMA-Script release does
(scrbook)              not mean, that KOMA-Script is fully compatible with
(scrbook)              the old release. If you need full compatibility
(scrbook)              to an old KOMA-Script release, you should use that
(scrbook)              old KOMA-Script release. However, in that case you
(scrbook)              could also need old releases of other packages and
(scrbook)              even of the LaTeX kernel.
(scrbook)              You should also note, that the KOMA-Script developers
(scrbook)              refuse support for documents using `version=first'.
(scrbook)              We recommend to eliminate all deprecated options
(scrbook)              and commands. We also recommend to not use option
(scrbook)              `version', i.e., with other values than `last'.


Class scrbook Warning: deprecated option `enabledeprecatedfontcommands'.
(scrbook)              Note, that this option was already depreacted when
(scrbook)              it has been defined. Support for old font commands
(scrbook)              has been removed from KOMA-Script more than one
(scrbook)              decade ago. It is not recommended to use them any
(scrbook)              longer. Therefore usage of this class option also
(scrbook)              is not recommended.

Class scrbook Info: File `scrsize12pt.clo' used to setup font sizes on input line 2671.
(d:/TexLive/2023/texmf-dist/tex/latex/koma-script/scrsize12pt.clo
File: scrsize12pt.clo 2023/04/24 v3.40 KOMA-Script font size class option (12pt)
) (d:/TexLive/2023/texmf-dist/tex/latex/koma-script/typearea.sty
Package: typearea 2023/04/24 v3.40 KOMA-Script package (type area)
\ta@bcor=\skip49
\ta@div=\count185
Package typearea Info: You've used standard option `a4paper'.
(typearea)             This is correct!
(typearea)             Internally I'm using `paper=a4'.
(typearea)             If you'd like to set the option with \KOMAoptions,
(typearea)             you'd have to use `paper=a4' there
(typearea)             instead of `a4paper', too.
Package typearea Info: You've used standard option `oneside'.
(typearea)             This is correct!
(typearea)             Internally I'm using `twoside=false'.
(typearea)             If you'd like to set the option with \KOMAoptions,
(typearea)             you'd have to use `twoside=false' there
(typearea)             instead of `oneside', too.


Package typearea Warning: You've used deprecated option `BCOR15mm'.
(typearea)                Usage of this option indicates an old document
(typearea)                and changes compatibility level using
(typearea)                `BCOR=15mm,version=first,
(typearea)                enabledeprecatedfontcommands' that may result
(typearea)                in further warnings.
(typearea)                If you don't want this, you should simply
(typearea)                replace option `BCOR15mm' by `BCOR=15mm'.

Package typearea Info: Switching compatibility level to `first'.

Package typearea Warning: Switching back to an old KOMA-Script release does
(typearea)                not mean, that KOMA-Script is fully compatible with
(typearea)                the old release. If you need full compatibility
(typearea)                to an old KOMA-Script release, you should use that
(typearea)                old KOMA-Script release. However, in that case you
(typearea)                could also need old releases of other packages and
(typearea)                even of the LaTeX kernel.
(typearea)                You should also note, that the KOMA-Script developers
(typearea)                refuse support for documents using `version=first'.
(typearea)                We recommend to eliminate all deprecated options
(typearea)                and commands. We also recommend to not use option
(typearea)                `version', i.e., with other values than `last'.

\ta@hblk=\skip50
\ta@vblk=\skip51
\ta@temp=\skip52
\footheight=\skip53
Package typearea Info: These are the values describing the layout:
(typearea)             DIV  = 12
(typearea)             BCOR = 42.67912pt
(typearea)             \paperwidth      = 597.50793pt
(typearea)              \textwidth      = 416.12161pt
(typearea)              DIV departure   = 0%
(typearea)              \evensidemargin = 39.76273pt
(typearea)              \oddsidemargin  = 39.76273pt
(typearea)             \paperheight     = 845.04694pt
(typearea)              \textheight     = 606.5pt
(typearea)              \topmargin      = -1.84941pt
(typearea)              \headheight     = 18.125pt
(typearea)              \headsep        = 21.75pt
(typearea)              \topskip        = 12.0pt
(typearea)              \footskip       = 50.75pt
(typearea)              \baselineskip   = 14.5pt
(typearea)              on input line 1798.
)
\c@part=\count186
\c@chapter=\count187
\c@section=\count188
\c@subsection=\count189
\c@subsubsection=\count190
\c@paragraph=\count191
\c@subparagraph=\count192
\scr@dte@chapter@maxnumwidth=\skip54
Class scrbook Info: using compatibility default `afterindent=bysign'
(scrbook)           for `\chapter on input line 5957.
\scr@dte@section@maxnumwidth=\skip55
Class scrbook Info: using compatibility default `runin=bysign'
(scrbook)           for `\section on input line 5968.
Class scrbook Info: using compatibility default `afterindent=bysign'
(scrbook)           for `\section on input line 5968.
\scr@dte@part@maxnumwidth=\skip56
Class scrbook Info: using compatibility default `afterindent=true'
(scrbook)           for `\part on input line 5977.
\scr@dte@subsection@maxnumwidth=\skip57
Class scrbook Info: using compatibility default `runin=bysign'
(scrbook)           for `\subsection on input line 5987.
Class scrbook Info: using compatibility default `afterindent=bysign'
(scrbook)           for `\subsection on input line 5987.
\scr@dte@subsubsection@maxnumwidth=\skip58
Class scrbook Info: using compatibility default `runin=bysign'
(scrbook)           for `\subsubsection on input line 5997.
Class scrbook Info: using compatibility default `afterindent=bysign'
(scrbook)           for `\subsubsection on input line 5997.
\scr@dte@paragraph@maxnumwidth=\skip59
Class scrbook Info: using compatibility default `runin=bysign'
(scrbook)           for `\paragraph on input line 6008.
Class scrbook Info: using compatibility default `afterindent=bysign'
(scrbook)           for `\paragraph on input line 6008.
\scr@dte@subparagraph@maxnumwidth=\skip60
Class scrbook Info: using compatibility default `runin=bysign'
(scrbook)           for `\subparagraph on input line 6018.
Class scrbook Info: using compatibility default `afterindent=bysign'
(scrbook)           for `\subparagraph on input line 6018.
\abovecaptionskip=\skip61
\belowcaptionskip=\skip62
\c@pti@nb@sid@b@x=\box52
Package tocbasic Info: omitting babel extension for `lof'
(tocbasic)             because of feature `nobabel' available
(tocbasic)             for `lof' on input line 7201.
\scr@dte@figure@maxnumwidth=\skip63
\c@figure=\count193
Package tocbasic Info: omitting babel extension for `lot'
(tocbasic)             because of feature `nobabel' available
(tocbasic)             for `lot' on input line 7218.
\scr@dte@table@maxnumwidth=\skip64
\c@table=\count194
Class scrbook Info: Using old \@makefntext due to compatibility level
(scrbook)           less than 3.22 on input line 7376.
Class scrbook Info: Redefining `\numberline' on input line 7389.
\bibindent=\dimen140
)
Package typearea Info: These are the values describing the layout:
(typearea)             DIV  = 12
(typearea)             BCOR = 42.67912pt
(typearea)             \paperwidth      = 597.50793pt
(typearea)              \textwidth      = 416.12161pt
(typearea)              DIV departure   = 0%
(typearea)              \evensidemargin = 39.76273pt
(typearea)              \oddsidemargin  = 39.76273pt
(typearea)             \paperheight     = 845.04694pt
(typearea)              \textheight     = 606.5pt
(typearea)              \topmargin      = -1.84941pt
(typearea)              \headheight     = 18.125pt
(typearea)              \headsep        = 21.75pt
(typearea)              \topskip        = 12.0pt
(typearea)              \footskip       = 50.75pt
(typearea)              \baselineskip   = 14.5pt
(typearea)              on input line 11.
 (d:/TexLive/2023/texmf-dist/tex/latex/blindtext/blindtext.sty
Package: blindtext 2012/01/06 V2.0 blindtext-Package
 (d:/TexLive/2023/texmf-dist/tex/latex/tools/xspace.sty
Package: xspace 2014/10/28 v1.13 Space after command names (DPC,MH)
)
\c@blindtext=\count195
\c@Blindtext=\count196
\c@blind@countparstart=\count197
\blind@countxx=\count198
\blindtext@numBlindtext=\count199
\blind@countyy=\count266
\c@blindlist=\count267
\c@blindlistlevel=\count268
\c@blindlist@level=\count269
\blind@listitem=\count270
\c@blind@listcount=\count271
\c@blind@levelcount=\count272
\blind@mathformula=\count273
\blind@Mathformula=\count274
\c@blind@randomcount=\count275
\c@blind@randommax=\count276
\c@blind@pangramcount=\count277
\c@blind@pangrammax=\count278
) (d:/TexLive/2023/texmf-dist/tex/generic/babel/babel.sty
Package: babel 2023/05/11 v3.89 The Babel package
\babel@savecnt=\count279
\U@D=\dimen141
\l@unhyphenated=\language87
 (d:/TexLive/2023/texmf-dist/tex/generic/babel/txtbabel.def)
\bbl@readstream=\read2
\bbl@dirlevel=\count280
 (d:/TexLive/2023/texmf-dist/tex/generic/babel-german/ngerman.ldf
Language: ngerman 2021/02/27 v2.13 German support for babel (post-1996 orthography)
 (d:/TexLive/2023/texmf-dist/tex/generic/babel-german/ngermanb.ldf
Language: ngermanb 2021/02/27 v2.13 German support for babel (post-1996 orthography)
Package babel Info: Making " an active character on input line 122.
))) (d:/TexLive/2023/texmf-dist/tex/generic/babel/locale/de/babel-ngerman.tex
Package babel Info: Importing font and identification data for ngerman
(babel)             from babel-de.ini. Reported on input line 11.
) (d:/TexLive/2023/texmf-dist/tex/latex/base/inputenc.sty
Package: inputenc 2021/02/14 v1.3d Input encoding file
\inpenc@prehook=\toks17
\inpenc@posthook=\toks18
) (d:/TexLive/2023/texmf-dist/tex/latex/base/fontenc.sty
Package: fontenc 2021/04/29 v2.0v Standard LaTeX package
) (d:/TexLive/2023/texmf-dist/tex/latex/psnfss/helvet.sty
Package: helvet 2020/03/25 PSNFSS-v9.3 (WaS) 
) (d:/TexLive/2023/texmf-dist/tex/latex/graphics/graphicx.sty
Package: graphicx 2021/09/16 v1.2d Enhanced LaTeX Graphics (DPC,SPQR)
 (d:/TexLive/2023/texmf-dist/tex/latex/graphics/graphics.sty
Package: graphics 2022/03/10 v1.4e Standard LaTeX Graphics (DPC,SPQR)
 (d:/TexLive/2023/texmf-dist/tex/latex/graphics/trig.sty
Package: trig 2021/08/11 v1.11 sin cos tan (DPC)
) (d:/TexLive/2023/texmf-dist/tex/latex/graphics-cfg/graphics.cfg
File: graphics.cfg 2016/06/04 v1.11 sample graphics configuration
)
Package graphics Info: Driver file: pdftex.def on input line 107.
 (d:/TexLive/2023/texmf-dist/tex/latex/graphics-def/pdftex.def
File: pdftex.def 2022/09/22 v1.2b Graphics/color driver for pdftex
))
\Gin@req@height=\dimen142
\Gin@req@width=\dimen143
) (d:/TexLive/2023/texmf-dist/tex/latex/csquotes/csquotes.sty
Package: csquotes 2022-09-14 v5.2n context-sensitive quotations (JAW)
 (d:/TexLive/2023/texmf-dist/tex/latex/etoolbox/etoolbox.sty
Package: etoolbox 2020/10/05 v2.5k e-TeX tools for LaTeX (JAW)
\etb@tempcnta=\count281
)
\csq@reset=\count282
\csq@gtype=\count283
\csq@glevel=\count284
\csq@qlevel=\count285
\csq@maxlvl=\count286
\csq@tshold=\count287
\csq@ltx@everypar=\toks19
 (d:/TexLive/2023/texmf-dist/tex/latex/csquotes/csquotes.def
File: csquotes.def 2022-09-14 v5.2n csquotes generic definitions (JAW)
)
Package csquotes Info: Trying to load configuration file 'csquotes.cfg'...
Package csquotes Info: ... configuration file loaded successfully.
 (d:/TexLive/2023/texmf-dist/tex/latex/csquotes/csquotes.cfg
File: csquotes.cfg 
)
Package csquotes Info: Option 'babel' depreciated.
(csquotes)             Using 'autostyle'.
Package csquotes Info: Enabling multilingual quotes.
Package csquotes Info: Redefining alias 'german' -> 'german/quotes'.
) (d:/TexLive/2023/texmf-dist/tex/latex/biblatex/biblatex.sty
Package: biblatex 2023/03/05 v3.19 programmable bibliographies (PK/MW)
 (d:/TexLive/2023/texmf-dist/tex/generic/pdftexcmds/pdftexcmds.sty
Package: pdftexcmds 2020-06-27 v0.33 Utility functions of pdfTeX for LuaTeX (HO)
 (d:/TexLive/2023/texmf-dist/tex/generic/infwarerr/infwarerr.sty
Package: infwarerr 2019/12/03 v1.5 Providing info/warning/error messages (HO)
) (d:/TexLive/2023/texmf-dist/tex/generic/iftex/iftex.sty
Package: iftex 2022/02/03 v1.0f TeX engine tests
) (d:/TexLive/2023/texmf-dist/tex/generic/ltxcmds/ltxcmds.sty
Package: ltxcmds 2020-05-10 v1.25 LaTeX kernel commands for general use (HO)
)
Package pdftexcmds Info: \pdf@primitive is available.
Package pdftexcmds Info: \pdf@ifprimitive is available.
Package pdftexcmds Info: \pdfdraftmode found.
) (d:/TexLive/2023/texmf-dist/tex/latex/kvoptions/kvoptions.sty
Package: kvoptions 2022-06-15 v3.15 Key value format for package options (HO)
 (d:/TexLive/2023/texmf-dist/tex/latex/kvsetkeys/kvsetkeys.sty
Package: kvsetkeys 2022-10-05 v1.19 Key value parser (HO)
)) (d:/TexLive/2023/texmf-dist/tex/latex/logreq/logreq.sty
Package: logreq 2010/08/04 v1.0 xml request logger
\lrq@indent=\count288
 (d:/TexLive/2023/texmf-dist/tex/latex/logreq/logreq.def
File: logreq.def 2010/08/04 v1.0 logreq spec v1.0
)) (d:/TexLive/2023/texmf-dist/tex/latex/base/ifthen.sty
Package: ifthen 2022/04/13 v1.1d Standard LaTeX ifthen package (DPC)
) (d:/TexLive/2023/texmf-dist/tex/latex/url/url.sty
\Urlmuskip=\muskip16
Package: url 2013/09/16  ver 3.4  Verb mode for urls, etc.
)
\c@tabx@nest=\count289
\c@listtotal=\count290
\c@listcount=\count291
\c@liststart=\count292
\c@liststop=\count293
\c@citecount=\count294
\c@citetotal=\count295
\c@multicitecount=\count296
\c@multicitetotal=\count297
\c@instcount=\count298
\c@maxnames=\count299
\c@minnames=\count300
\c@maxitems=\count301
\c@minitems=\count302
\c@citecounter=\count303
\c@maxcitecounter=\count304
\c@savedcitecounter=\count305
\c@uniquelist=\count306
\c@uniquename=\count307
\c@refsection=\count308
\c@refsegment=\count309
\c@maxextratitle=\count310
\c@maxextratitleyear=\count311
\c@maxextraname=\count312
\c@maxextradate=\count313
\c@maxextraalpha=\count314
\c@abbrvpenalty=\count315
\c@highnamepenalty=\count316
\c@lownamepenalty=\count317
\c@maxparens=\count318
\c@parenlevel=\count319
\blx@tempcnta=\count320
\blx@tempcntb=\count321
\blx@tempcntc=\count322
\c@blx@maxsection=\count323
\blx@maxsegment@0=\count324
\blx@notetype=\count325
\blx@parenlevel@text=\count326
\blx@parenlevel@foot=\count327
\blx@sectionciteorder@0=\count328
\blx@sectionciteorderinternal@0=\count329
\blx@entrysetcounter=\count330
\blx@biblioinstance=\count331
\labelnumberwidth=\skip65
\labelalphawidth=\skip66
\biblabelsep=\skip67
\bibitemsep=\skip68
\bibnamesep=\skip69
\bibinitsep=\skip70
\bibparsep=\skip71
\bibhang=\skip72
\blx@bcfin=\read3
\blx@bcfout=\write3
\blx@langwohyphens=\language88
\c@mincomprange=\count332
\c@maxcomprange=\count333
\c@mincompwidth=\count334
Package biblatex Info: Trying to load biblatex default data model...
Package biblatex Info: ... file 'blx-dm.def' found.
 (d:/TexLive/2023/texmf-dist/tex/latex/biblatex/blx-dm.def
File: blx-dm.def 2023/03/05 v3.19 biblatex localization (PK/MW)
)
Package biblatex Info: Trying to load biblatex custom data model...
Package biblatex Info: ... file 'biblatex-dm.cfg' not found.
\c@afterword=\count335
\c@savedafterword=\count336
\c@annotator=\count337
\c@savedannotator=\count338
\c@author=\count339
\c@savedauthor=\count340
\c@bookauthor=\count341
\c@savedbookauthor=\count342
\c@commentator=\count343
\c@savedcommentator=\count344
\c@editor=\count345
\c@savededitor=\count346
\c@editora=\count347
\c@savededitora=\count348
\c@editorb=\count349
\c@savededitorb=\count350
\c@editorc=\count351
\c@savededitorc=\count352
\c@foreword=\count353
\c@savedforeword=\count354
\c@holder=\count355
\c@savedholder=\count356
\c@introduction=\count357
\c@savedintroduction=\count358
\c@namea=\count359
\c@savednamea=\count360
\c@nameb=\count361
\c@savednameb=\count362
\c@namec=\count363
\c@savednamec=\count364
\c@translator=\count365
\c@savedtranslator=\count366
\c@shortauthor=\count367
\c@savedshortauthor=\count368
\c@shorteditor=\count369
\c@savedshorteditor=\count370
\c@labelname=\count371
\c@savedlabelname=\count372
\c@institution=\count373
\c@savedinstitution=\count374
\c@lista=\count375
\c@savedlista=\count376
\c@listb=\count377
\c@savedlistb=\count378
\c@listc=\count379
\c@savedlistc=\count380
\c@listd=\count381
\c@savedlistd=\count382
\c@liste=\count383
\c@savedliste=\count384
\c@listf=\count385
\c@savedlistf=\count386
\c@location=\count387
\c@savedlocation=\count388
\c@organization=\count389
\c@savedorganization=\count390
\c@origlocation=\count391
\c@savedoriglocation=\count392
\c@origpublisher=\count393
\c@savedorigpublisher=\count394
\c@publisher=\count395
\c@savedpublisher=\count396
\c@language=\count397
\c@savedlanguage=\count398
\c@origlanguage=\count399
\c@savedoriglanguage=\count400
\c@pageref=\count401
\c@savedpageref=\count402
\shorthandwidth=\skip73
\shortjournalwidth=\skip74
\shortserieswidth=\skip75
\shorttitlewidth=\skip76
\shortauthorwidth=\skip77
\shorteditorwidth=\skip78
\locallabelnumberwidth=\skip79
\locallabelalphawidth=\skip80
\localshorthandwidth=\skip81
\localshortjournalwidth=\skip82
\localshortserieswidth=\skip83
\localshorttitlewidth=\skip84
\localshortauthorwidth=\skip85
\localshorteditorwidth=\skip86
Package biblatex Info: Trying to load compatibility code...
Package biblatex Info: ... file 'blx-compat.def' found.
 (d:/TexLive/2023/texmf-dist/tex/latex/biblatex/blx-compat.def
File: blx-compat.def 2023/03/05 v3.19 biblatex compatibility (PK/MW)
)
Package biblatex Info: Trying to load BibTeX backend compatibility...
Package biblatex Info: ... file 'blx-bibtex.def' found.
 (d:/TexLive/2023/texmf-dist/tex/latex/biblatex/blx-bibtex.def
File: blx-bibtex.def 2023/03/05 v3.19 biblatex compatibility (PK/MW)


Package biblatex Warning: Using fall-back bibtex backend:
(biblatex)                functionality may be reduced/unavailable.

)
Package biblatex Info: Trying to load generic definitions...
Package biblatex Info: ... file 'biblatex.def' found.
 (d:/TexLive/2023/texmf-dist/tex/latex/biblatex/biblatex.def
File: biblatex.def 2023/03/05 v3.19 biblatex compatibility (PK/MW)
\c@textcitecount=\count403
\c@textcitetotal=\count404
\c@textcitemaxnames=\count405
\c@biburlbigbreakpenalty=\count406
\c@biburlbreakpenalty=\count407
\c@biburlnumpenalty=\count408
\c@biburlucpenalty=\count409
\c@biburllcpenalty=\count410
\biburlbigskip=\muskip17
\biburlnumskip=\muskip18
\biburlucskip=\muskip19
\biburllcskip=\muskip20
\c@smartand=\count411
)
Package biblatex Info: Trying to load bibliography style 'numeric'...
Package biblatex Info: ... file 'numeric.bbx' found.
 (d:/TexLive/2023/texmf-dist/tex/latex/biblatex/bbx/numeric.bbx
File: numeric.bbx 2023/03/05 v3.19 biblatex bibliography style (PK/MW)
Package biblatex Info: Trying to load bibliography style 'standard'...
Package biblatex Info: ... file 'standard.bbx' found.
 (d:/TexLive/2023/texmf-dist/tex/latex/biblatex/bbx/standard.bbx
File: standard.bbx 2023/03/05 v3.19 biblatex bibliography style (PK/MW)
\c@bbx:relatedcount=\count412
\c@bbx:relatedtotal=\count413
))
Package biblatex Info: Trying to load citation style 'numeric'...
Package biblatex Info: ... file 'numeric.cbx' found.
 (d:/TexLive/2023/texmf-dist/tex/latex/biblatex/cbx/numeric.cbx
File: numeric.cbx 2023/03/05 v3.19 biblatex citation style (PK/MW)
Package biblatex Info: Redefining '\cite'.
Package biblatex Info: Redefining '\parencite'.
Package biblatex Info: Redefining '\footcite'.
Package biblatex Info: Redefining '\footcitetext'.
Package biblatex Info: Redefining '\smartcite'.
Package biblatex Info: Redefining '\supercite'.
Package biblatex Info: Redefining '\textcite'.
Package biblatex Info: Redefining '\textcites'.
Package biblatex Info: Redefining '\cites'.
Package biblatex Info: Redefining '\parencites'.
Package biblatex Info: Redefining '\smartcites'.
)
Package biblatex Info: Trying to load configuration file...
Package biblatex Info: ... file 'biblatex.cfg' found.
 (d:/TexLive/2023/texmf-dist/tex/latex/biblatex/biblatex.cfg
File: biblatex.cfg 
)
Package biblatex Info: Input encoding 'utf8' detected.
Package biblatex Info: Document encoding is UTF8 ....
 (d:/TexLive/2023/texmf-dist/tex/latex/l3kernel/expl3.sty
Package: expl3 2023-05-22 L3 programming layer (loader) 
 (d:/TexLive/2023/texmf-dist/tex/latex/l3backend/l3backend-pdftex.def
File: l3backend-pdftex.def 2023-04-19 L3 backend support: PDF output (pdfTeX)
\l__color_backend_stack_int=\count414
\l__pdf_internal_box=\box53
))
Package biblatex Info: ... and expl3
(biblatex)             2023-05-22 L3 programming layer (loader) 
(biblatex)             is new enough (at least 2020/04/06),
(biblatex)             setting 'casechanger=expl3'.
 (d:/TexLive/2023/texmf-dist/tex/latex/biblatex/blx-case-expl3.sty (d:/TexLive/2023/texmf-dist/tex/latex/l3packages/xparse/xparse.sty
Package: xparse 2023-02-02 L3 Experimental document command parser
)
Package: blx-case-expl3 2023/03/05 v3.19 expl3 case changing code for biblatex
)) (d:/TexLive/2023/texmf-dist/tex/latex/tools/tabularx.sty
Package: tabularx 2020/01/15 v2.11c `tabularx' package (DPC)
 (d:/TexLive/2023/texmf-dist/tex/latex/tools/array.sty
Package: array 2022/09/04 v2.5g Tabular extension package (FMi)
\col@sep=\dimen144
\ar@mcellbox=\box54
\extrarowheight=\dimen145
\NC@list=\toks20
\extratabsurround=\skip87
\backup@length=\skip88
\ar@cellbox=\box55
)
\TX@col@width=\dimen146
\TX@old@table=\dimen147
\TX@old@col=\dimen148
\TX@target=\dimen149
\TX@delta=\dimen150
\TX@cols=\count415
\TX@ftn=\toks21
) (d:/TexLive/2023/texmf-dist/tex/latex/graphics/color.sty
Package: color 2022/01/06 v1.3d Standard LaTeX Color (DPC)
 (d:/TexLive/2023/texmf-dist/tex/latex/graphics-cfg/color.cfg
File: color.cfg 2016/01/02 v1.6 sample color configuration
)
Package color Info: Driver file: pdftex.def on input line 149.
 (d:/TexLive/2023/texmf-dist/tex/latex/graphics/mathcolor.ltx)) (d:/TexLive/2023/texmf-dist/tex/latex/xcolor/xcolor.sty
Package: xcolor 2022/06/12 v2.14 LaTeX color extensions (UK)
 (d:/TexLive/2023/texmf-dist/tex/latex/graphics-cfg/color.cfg
File: color.cfg 2016/01/02 v1.6 sample color configuration
)
Package xcolor Info: Driver file: pdftex.def on input line 227.
LaTeX Info: Redefining \color on input line 711.
 (d:/TexLive/2023/texmf-dist/tex/latex/graphics/mathcolor.ltx)
Package xcolor Info: Model `cmy' substituted by `cmy0' on input line 1353.
Package xcolor Info: Model `hsb' substituted by `rgb' on input line 1357.
Package xcolor Info: Model `RGB' extended on input line 1369.
Package xcolor Info: Model `HTML' substituted by `rgb' on input line 1371.
Package xcolor Info: Model `Hsb' substituted by `hsb' on input line 1372.
Package xcolor Info: Model `tHsb' substituted by `hsb' on input line 1373.
Package xcolor Info: Model `HSB' substituted by `hsb' on input line 1374.
Package xcolor Info: Model `Gray' substituted by `gray' on input line 1375.
Package xcolor Info: Model `wave' substituted by `hsb' on input line 1376.
) (d:/TexLive/2023/texmf-dist/tex/latex/psnfss/times.sty
Package: times 2020/03/25 PSNFSS-v9.3 (SPQR) 
) (d:/TexLive/2023/texmf-dist/tex/latex/enumitem/enumitem.sty
Package: enumitem 2019/06/20 v3.9 Customized lists
\labelindent=\skip89
\enit@outerparindent=\dimen151
\enit@toks=\toks22
\enit@inbox=\box56
\enit@count@id=\count416
\enitdp@description=\count417
) (d:/TexLive/2023/texmf-dist/tex/latex/pgf/frontendlayer/tikz.sty (d:/TexLive/2023/texmf-dist/tex/latex/pgf/basiclayer/pgf.sty (d:/TexLive/2023/texmf-dist/tex/latex/pgf/utilities/pgfrcs.sty (d:/TexLive/2023/texmf-dist/tex/generic/pgf/utilities/pgfutil-common.tex
\pgfutil@everybye=\toks23
\pgfutil@tempdima=\dimen152
\pgfutil@tempdimb=\dimen153
) (d:/TexLive/2023/texmf-dist/tex/generic/pgf/utilities/pgfutil-latex.def
\pgfutil@abb=\box57
) (d:/TexLive/2023/texmf-dist/tex/generic/pgf/utilities/pgfrcs.code.tex (d:/TexLive/2023/texmf-dist/tex/generic/pgf/pgf.revision.tex)
Package: pgfrcs 2023-01-15 v3.1.10 (3.1.10)
))
Package: pgf 2023-01-15 v3.1.10 (3.1.10)
 (d:/TexLive/2023/texmf-dist/tex/latex/pgf/basiclayer/pgfcore.sty (d:/TexLive/2023/texmf-dist/tex/latex/pgf/systemlayer/pgfsys.sty (d:/TexLive/2023/texmf-dist/tex/generic/pgf/systemlayer/pgfsys.code.tex
Package: pgfsys 2023-01-15 v3.1.10 (3.1.10)
 (d:/TexLive/2023/texmf-dist/tex/generic/pgf/utilities/pgfkeys.code.tex
\pgfkeys@pathtoks=\toks24
\pgfkeys@temptoks=\toks25
 (d:/TexLive/2023/texmf-dist/tex/generic/pgf/utilities/pgfkeyslibraryfiltered.code.tex
\pgfkeys@tmptoks=\toks26
))
\pgf@x=\dimen154
\pgf@y=\dimen155
\pgf@xa=\dimen156
\pgf@ya=\dimen157
\pgf@xb=\dimen158
\pgf@yb=\dimen159
\pgf@xc=\dimen160
\pgf@yc=\dimen161
\pgf@xd=\dimen162
\pgf@yd=\dimen163
\w@pgf@writea=\write4
\r@pgf@reada=\read4
\c@pgf@counta=\count418
\c@pgf@countb=\count419
\c@pgf@countc=\count420
\c@pgf@countd=\count421
\t@pgf@toka=\toks27
\t@pgf@tokb=\toks28
\t@pgf@tokc=\toks29
\pgf@sys@id@count=\count422
 (d:/TexLive/2023/texmf-dist/tex/generic/pgf/systemlayer/pgf.cfg
File: pgf.cfg 2023-01-15 v3.1.10 (3.1.10)
)
Driver file for pgf: pgfsys-pdftex.def
 (d:/TexLive/2023/texmf-dist/tex/generic/pgf/systemlayer/pgfsys-pdftex.def
File: pgfsys-pdftex.def 2023-01-15 v3.1.10 (3.1.10)
 (d:/TexLive/2023/texmf-dist/tex/generic/pgf/systemlayer/pgfsys-common-pdf.def
File: pgfsys-common-pdf.def 2023-01-15 v3.1.10 (3.1.10)
))) (d:/TexLive/2023/texmf-dist/tex/generic/pgf/systemlayer/pgfsyssoftpath.code.tex
File: pgfsyssoftpath.code.tex 2023-01-15 v3.1.10 (3.1.10)
\pgfsyssoftpath@smallbuffer@items=\count423
\pgfsyssoftpath@bigbuffer@items=\count424
) (d:/TexLive/2023/texmf-dist/tex/generic/pgf/systemlayer/pgfsysprotocol.code.tex
File: pgfsysprotocol.code.tex 2023-01-15 v3.1.10 (3.1.10)
)) (d:/TexLive/2023/texmf-dist/tex/generic/pgf/basiclayer/pgfcore.code.tex
Package: pgfcore 2023-01-15 v3.1.10 (3.1.10)
 (d:/TexLive/2023/texmf-dist/tex/generic/pgf/math/pgfmath.code.tex (d:/TexLive/2023/texmf-dist/tex/generic/pgf/math/pgfmathutil.code.tex) (d:/TexLive/2023/texmf-dist/tex/generic/pgf/math/pgfmathparser.code.tex
\pgfmath@dimen=\dimen164
\pgfmath@count=\count425
\pgfmath@box=\box58
\pgfmath@toks=\toks30
\pgfmath@stack@operand=\toks31
\pgfmath@stack@operation=\toks32
) (d:/TexLive/2023/texmf-dist/tex/generic/pgf/math/pgfmathfunctions.code.tex) (d:/TexLive/2023/texmf-dist/tex/generic/pgf/math/pgfmathfunctions.basic.code.tex) (d:/TexLive/2023/texmf-dist/tex/generic/pgf/math/pgfmathfunctions.trigonometric.code.tex) (d:/TexLive/2023/texmf-dist/tex/generic/pgf/math/pgfmathfunctions.random.code.tex) (d:/TexLive/2023/texmf-dist/tex/generic/pgf/math/pgfmathfunctions.comparison.code.tex) (d:/TexLive/2023/texmf-dist/tex/generic/pgf/math/pgfmathfunctions.base.code.tex) (d:/TexLive/2023/texmf-dist/tex/generic/pgf/math/pgfmathfunctions.round.code.tex) (d:/TexLive/2023/texmf-dist/tex/generic/pgf/math/pgfmathfunctions.misc.code.tex) (d:/TexLive/2023/texmf-dist/tex/generic/pgf/math/pgfmathfunctions.integerarithmetics.code.tex) (d:/TexLive/2023/texmf-dist/tex/generic/pgf/math/pgfmathcalc.code.tex) (d:/TexLive/2023/texmf-dist/tex/generic/pgf/math/pgfmathfloat.code.tex
\c@pgfmathroundto@lastzeros=\count426
)) (d:/TexLive/2023/texmf-dist/tex/generic/pgf/math/pgfint.code.tex) (d:/TexLive/2023/texmf-dist/tex/generic/pgf/basiclayer/pgfcorepoints.code.tex
File: pgfcorepoints.code.tex 2023-01-15 v3.1.10 (3.1.10)
\pgf@picminx=\dimen165
\pgf@picmaxx=\dimen166
\pgf@picminy=\dimen167
\pgf@picmaxy=\dimen168
\pgf@pathminx=\dimen169
\pgf@pathmaxx=\dimen170
\pgf@pathminy=\dimen171
\pgf@pathmaxy=\dimen172
\pgf@xx=\dimen173
\pgf@xy=\dimen174
\pgf@yx=\dimen175
\pgf@yy=\dimen176
\pgf@zx=\dimen177
\pgf@zy=\dimen178
) (d:/TexLive/2023/texmf-dist/tex/generic/pgf/basiclayer/pgfcorepathconstruct.code.tex
File: pgfcorepathconstruct.code.tex 2023-01-15 v3.1.10 (3.1.10)
\pgf@path@lastx=\dimen179
\pgf@path@lasty=\dimen180
) (d:/TexLive/2023/texmf-dist/tex/generic/pgf/basiclayer/pgfcorepathusage.code.tex
File: pgfcorepathusage.code.tex 2023-01-15 v3.1.10 (3.1.10)
\pgf@shorten@end@additional=\dimen181
\pgf@shorten@start@additional=\dimen182
) (d:/TexLive/2023/texmf-dist/tex/generic/pgf/basiclayer/pgfcorescopes.code.tex
File: pgfcorescopes.code.tex 2023-01-15 v3.1.10 (3.1.10)
\pgfpic=\box59
\pgf@hbox=\box60
\pgf@layerbox@main=\box61
\pgf@picture@serial@count=\count427
) (d:/TexLive/2023/texmf-dist/tex/generic/pgf/basiclayer/pgfcoregraphicstate.code.tex
File: pgfcoregraphicstate.code.tex 2023-01-15 v3.1.10 (3.1.10)
\pgflinewidth=\dimen183
) (d:/TexLive/2023/texmf-dist/tex/generic/pgf/basiclayer/pgfcoretransformations.code.tex
File: pgfcoretransformations.code.tex 2023-01-15 v3.1.10 (3.1.10)
\pgf@pt@x=\dimen184
\pgf@pt@y=\dimen185
\pgf@pt@temp=\dimen186
) (d:/TexLive/2023/texmf-dist/tex/generic/pgf/basiclayer/pgfcorequick.code.tex
File: pgfcorequick.code.tex 2023-01-15 v3.1.10 (3.1.10)
) (d:/TexLive/2023/texmf-dist/tex/generic/pgf/basiclayer/pgfcoreobjects.code.tex
File: pgfcoreobjects.code.tex 2023-01-15 v3.1.10 (3.1.10)
) (d:/TexLive/2023/texmf-dist/tex/generic/pgf/basiclayer/pgfcorepathprocessing.code.tex
File: pgfcorepathprocessing.code.tex 2023-01-15 v3.1.10 (3.1.10)
) (d:/TexLive/2023/texmf-dist/tex/generic/pgf/basiclayer/pgfcorearrows.code.tex
File: pgfcorearrows.code.tex 2023-01-15 v3.1.10 (3.1.10)
\pgfarrowsep=\dimen187
) (d:/TexLive/2023/texmf-dist/tex/generic/pgf/basiclayer/pgfcoreshade.code.tex
File: pgfcoreshade.code.tex 2023-01-15 v3.1.10 (3.1.10)
\pgf@max=\dimen188
\pgf@sys@shading@range@num=\count428
\pgf@shadingcount=\count429
) (d:/TexLive/2023/texmf-dist/tex/generic/pgf/basiclayer/pgfcoreimage.code.tex
File: pgfcoreimage.code.tex 2023-01-15 v3.1.10 (3.1.10)
) (d:/TexLive/2023/texmf-dist/tex/generic/pgf/basiclayer/pgfcoreexternal.code.tex
File: pgfcoreexternal.code.tex 2023-01-15 v3.1.10 (3.1.10)
\pgfexternal@startupbox=\box62
) (d:/TexLive/2023/texmf-dist/tex/generic/pgf/basiclayer/pgfcorelayers.code.tex
File: pgfcorelayers.code.tex 2023-01-15 v3.1.10 (3.1.10)
) (d:/TexLive/2023/texmf-dist/tex/generic/pgf/basiclayer/pgfcoretransparency.code.tex
File: pgfcoretransparency.code.tex 2023-01-15 v3.1.10 (3.1.10)
) (d:/TexLive/2023/texmf-dist/tex/generic/pgf/basiclayer/pgfcorepatterns.code.tex
File: pgfcorepatterns.code.tex 2023-01-15 v3.1.10 (3.1.10)
) (d:/TexLive/2023/texmf-dist/tex/generic/pgf/basiclayer/pgfcorerdf.code.tex
File: pgfcorerdf.code.tex 2023-01-15 v3.1.10 (3.1.10)
))) (d:/TexLive/2023/texmf-dist/tex/generic/pgf/modules/pgfmoduleshapes.code.tex
File: pgfmoduleshapes.code.tex 2023-01-15 v3.1.10 (3.1.10)
\pgfnodeparttextbox=\box63
) (d:/TexLive/2023/texmf-dist/tex/generic/pgf/modules/pgfmoduleplot.code.tex
File: pgfmoduleplot.code.tex 2023-01-15 v3.1.10 (3.1.10)
) (d:/TexLive/2023/texmf-dist/tex/latex/pgf/compatibility/pgfcomp-version-0-65.sty
Package: pgfcomp-version-0-65 2023-01-15 v3.1.10 (3.1.10)
\pgf@nodesepstart=\dimen189
\pgf@nodesepend=\dimen190
) (d:/TexLive/2023/texmf-dist/tex/latex/pgf/compatibility/pgfcomp-version-1-18.sty
Package: pgfcomp-version-1-18 2023-01-15 v3.1.10 (3.1.10)
)) (d:/TexLive/2023/texmf-dist/tex/latex/pgf/utilities/pgffor.sty (d:/TexLive/2023/texmf-dist/tex/latex/pgf/utilities/pgfkeys.sty (d:/TexLive/2023/texmf-dist/tex/generic/pgf/utilities/pgfkeys.code.tex)) (d:/TexLive/2023/texmf-dist/tex/latex/pgf/math/pgfmath.sty (d:/TexLive/2023/texmf-dist/tex/generic/pgf/math/pgfmath.code.tex)) (d:/TexLive/2023/texmf-dist/tex/generic/pgf/utilities/pgffor.code.tex
Package: pgffor 2023-01-15 v3.1.10 (3.1.10)
\pgffor@iter=\dimen191
\pgffor@skip=\dimen192
\pgffor@stack=\toks33
\pgffor@toks=\toks34
)) (d:/TexLive/2023/texmf-dist/tex/generic/pgf/frontendlayer/tikz/tikz.code.tex
Package: tikz 2023-01-15 v3.1.10 (3.1.10)
 (d:/TexLive/2023/texmf-dist/tex/generic/pgf/libraries/pgflibraryplothandlers.code.tex
File: pgflibraryplothandlers.code.tex 2023-01-15 v3.1.10 (3.1.10)
\pgf@plot@mark@count=\count430
\pgfplotmarksize=\dimen193
)
\tikz@lastx=\dimen194
\tikz@lasty=\dimen195
\tikz@lastxsaved=\dimen196
\tikz@lastysaved=\dimen197
\tikz@lastmovetox=\dimen198
\tikz@lastmovetoy=\dimen199
\tikzleveldistance=\dimen256
\tikzsiblingdistance=\dimen257
\tikz@figbox=\box64
\tikz@figbox@bg=\box65
\tikz@tempbox=\box66
\tikz@tempbox@bg=\box67
\tikztreelevel=\count431
\tikznumberofchildren=\count432
\tikznumberofcurrentchild=\count433
\tikz@fig@count=\count434
 (d:/TexLive/2023/texmf-dist/tex/generic/pgf/modules/pgfmodulematrix.code.tex
File: pgfmodulematrix.code.tex 2023-01-15 v3.1.10 (3.1.10)
\pgfmatrixcurrentrow=\count435
\pgfmatrixcurrentcolumn=\count436
\pgf@matrix@numberofcolumns=\count437
)
\tikz@expandcount=\count438
 (d:/TexLive/2023/texmf-dist/tex/generic/pgf/frontendlayer/tikz/libraries/tikzlibrarytopaths.code.tex
File: tikzlibrarytopaths.code.tex 2023-01-15 v3.1.10 (3.1.10)
))) (d:/TexLive/2023/texmf-dist/tex/latex/pgfplots/pgfplots.sty (d:/TexLive/2023/texmf-dist/tex/generic/pgfplots/pgfplots.revision.tex)
Package: pgfplots 2021/05/15 v1.18.1 Data Visualization (1.18.1)
 (d:/TexLive/2023/texmf-dist/tex/generic/pgfplots/pgfplots.code.tex (d:/TexLive/2023/texmf-dist/tex/generic/pgfplots/pgfplotscore.code.tex
\t@pgfplots@toka=\toks35
\t@pgfplots@tokb=\toks36
\t@pgfplots@tokc=\toks37
\pgfplots@tmpa=\dimen258
\c@pgfplots@coordindex=\count439
\c@pgfplots@scanlineindex=\count440
 (d:/TexLive/2023/texmf-dist/tex/generic/pgfplots/sys/pgfplotssysgeneric.code.tex)) (d:/TexLive/2023/texmf-dist/tex/generic/pgfplots/libs/pgfplotslibrary.code.tex) (d:/TexLive/2023/texmf-dist/tex/generic/pgfplots/oldpgfcompatib/pgfplotsoldpgfsupp_loader.code.tex (d:/TexLive/2023/texmf-dist/tex/generic/pgf/libraries/pgflibraryfpu.code.tex)
Package pgfplots: loading complementary utilities for your pgf version...
\t@pgf@toka=\toks38
\t@pgf@tokb=\toks39
\t@pgf@tokc=\toks40
(d:/TexLive/2023/texmf-dist/tex/generic/pgfplots/oldpgfcompatib/pgfplotsoldpgfsupp_pgfutil-common-lists.tex)) (d:/TexLive/2023/texmf-dist/tex/generic/pgfplots/util/pgfplotsutil.code.tex (d:/TexLive/2023/texmf-dist/tex/generic/pgfplots/liststructure/pgfplotsliststructure.code.tex) (d:/TexLive/2023/texmf-dist/tex/generic/pgfplots/liststructure/pgfplotsliststructureext.code.tex) (d:/TexLive/2023/texmf-dist/tex/generic/pgfplots/liststructure/pgfplotsarray.code.tex
\c@pgfplotsarray@tmp=\count441
) (d:/TexLive/2023/texmf-dist/tex/generic/pgfplots/liststructure/pgfplotsmatrix.code.tex) (d:/TexLive/2023/texmf-dist/tex/generic/pgfplots/numtable/pgfplotstableshared.code.tex
\c@pgfplotstable@counta=\count442
\t@pgfplotstable@a=\toks41
) (d:/TexLive/2023/texmf-dist/tex/generic/pgfplots/liststructure/pgfplotsdeque.code.tex) (d:/TexLive/2023/texmf-dist/tex/generic/pgfplots/util/pgfplotsbinary.code.tex (d:/TexLive/2023/texmf-dist/tex/generic/pgfplots/util/pgfplotsbinary.data.code.tex)) (d:/TexLive/2023/texmf-dist/tex/generic/pgfplots/util/pgfplotsutil.verb.code.tex) (d:/TexLive/2023/texmf-dist/tex/generic/pgfplots/libs/pgflibrarypgfplots.surfshading.code.tex
\c@pgfplotslibrarysurf@no=\count443
 (d:/TexLive/2023/texmf-dist/tex/generic/pgfplots/sys/pgflibrarypgfplots.surfshading.pgfsys-pdftex.def))) (d:/TexLive/2023/texmf-dist/tex/generic/pgfplots/util/pgfplotscolormap.code.tex (d:/TexLive/2023/texmf-dist/tex/generic/pgfplots/util/pgfplotscolor.code.tex)) (d:/TexLive/2023/texmf-dist/tex/generic/pgfplots/pgfplotsstackedplots.code.tex) (d:/TexLive/2023/texmf-dist/tex/generic/pgfplots/pgfplotsplothandlers.code.tex (d:/TexLive/2023/texmf-dist/tex/generic/pgfplots/pgfplotsmeshplothandler.code.tex (d:/TexLive/2023/texmf-dist/tex/generic/pgfplots/pgfplotsmeshplotimage.code.tex))) (d:/TexLive/2023/texmf-dist/tex/generic/pgfplots/pgfplots.scaling.code.tex) (d:/TexLive/2023/texmf-dist/tex/generic/pgfplots/pgfplotscoordprocessing.code.tex) (d:/TexLive/2023/texmf-dist/tex/generic/pgfplots/pgfplots.errorbars.code.tex) (d:/TexLive/2023/texmf-dist/tex/generic/pgfplots/pgfplots.markers.code.tex) (d:/TexLive/2023/texmf-dist/tex/generic/pgfplots/pgfplotsticks.code.tex) (d:/TexLive/2023/texmf-dist/tex/generic/pgfplots/pgfplots.paths.code.tex) (d:/TexLive/2023/texmf-dist/tex/generic/pgf/frontendlayer/tikz/libraries/tikzlibrarydecorations.code.tex (d:/TexLive/2023/texmf-dist/tex/generic/pgf/modules/pgfmoduledecorations.code.tex
\pgfdecoratedcompleteddistance=\dimen259
\pgfdecoratedremainingdistance=\dimen260
\pgfdecoratedinputsegmentcompleteddistance=\dimen261
\pgfdecoratedinputsegmentremainingdistance=\dimen262
\pgf@decorate@distancetomove=\dimen263
\pgf@decorate@repeatstate=\count444
\pgfdecorationsegmentamplitude=\dimen264
\pgfdecorationsegmentlength=\dimen265
)
\tikz@lib@dec@box=\box68
) (d:/TexLive/2023/texmf-dist/tex/generic/pgf/frontendlayer/tikz/libraries/tikzlibrarydecorations.pathmorphing.code.tex (d:/TexLive/2023/texmf-dist/tex/generic/pgf/libraries/decorations/pgflibrarydecorations.pathmorphing.code.tex)) (d:/TexLive/2023/texmf-dist/tex/generic/pgf/frontendlayer/tikz/libraries/tikzlibrarydecorations.pathreplacing.code.tex (d:/TexLive/2023/texmf-dist/tex/generic/pgf/libraries/decorations/pgflibrarydecorations.pathreplacing.code.tex)) (d:/TexLive/2023/texmf-dist/tex/generic/pgfplots/libs/tikzlibrarypgfplots.contourlua.code.tex)
\pgfplots@numplots=\count445
\pgfplots@xmin@reg=\dimen266
\pgfplots@xmax@reg=\dimen267
\pgfplots@ymin@reg=\dimen268
\pgfplots@ymax@reg=\dimen269
\pgfplots@zmin@reg=\dimen270
\pgfplots@zmax@reg=\dimen271
) (d:/TexLive/2023/texmf-dist/tex/generic/pgf/frontendlayer/tikz/libraries/tikzlibraryplotmarks.code.tex
File: tikzlibraryplotmarks.code.tex 2023-01-15 v3.1.10 (3.1.10)
 (d:/TexLive/2023/texmf-dist/tex/generic/pgf/libraries/pgflibraryplotmarks.code.tex
File: pgflibraryplotmarks.code.tex 2023-01-15 v3.1.10 (3.1.10)
))) (d:/TexLive/2023/texmf-dist/tex/latex/pgfplots/pgfplotstable.sty (d:/TexLive/2023/texmf-dist/tex/generic/pgfplots/pgfplots.revision.tex)
Package: pgfplotstable 2021/05/15 v1.18.1 Table typesetting and Pretty-printing (1.18.1)
 (d:/TexLive/2023/texmf-dist/tex/generic/pgfplots/numtable/pgfplotstable.code.tex (d:/TexLive/2023/texmf-dist/tex/generic/pgfplots/numtable/pgfplotstable.coltype.code.tex))) (d:/TexLive/2023/texmf-dist/tex/latex/amsfonts/amssymb.sty
Package: amssymb 2013/01/14 v3.01 AMS font symbols
 (d:/TexLive/2023/texmf-dist/tex/latex/amsfonts/amsfonts.sty
Package: amsfonts 2013/01/14 v3.01 Basic AMSFonts support
\@emptytoks=\toks42
\symAMSa=\mathgroup4
\symAMSb=\mathgroup5
LaTeX Font Info:    Redeclaring math symbol \hbar on input line 98.
LaTeX Font Info:    Overwriting math alphabet `\mathfrak' in version `bold'
(Font)                  U/euf/m/n --> U/euf/b/n on input line 106.
)) (d:/TexLive/2023/texmf-dist/tex/latex/amsmath/amsmath.sty
Package: amsmath 2022/04/08 v2.17n AMS math features
\@mathmargin=\skip90

For additional information on amsmath, use the `?' option.
(d:/TexLive/2023/texmf-dist/tex/latex/amsmath/amstext.sty
Package: amstext 2021/08/26 v2.01 AMS text
 (d:/TexLive/2023/texmf-dist/tex/latex/amsmath/amsgen.sty
File: amsgen.sty 1999/11/30 v2.0 generic functions
\@emptytoks=\toks43
\ex@=\dimen272
)) (d:/TexLive/2023/texmf-dist/tex/latex/amsmath/amsbsy.sty
Package: amsbsy 1999/11/29 v1.2d Bold Symbols
\pmbraise@=\dimen273
) (d:/TexLive/2023/texmf-dist/tex/latex/amsmath/amsopn.sty
Package: amsopn 2022/04/08 v2.04 operator names
)
\inf@bad=\count446
LaTeX Info: Redefining \frac on input line 234.
\uproot@=\count447
\leftroot@=\count448
LaTeX Info: Redefining \overline on input line 399.
LaTeX Info: Redefining \colon on input line 410.
\classnum@=\count449
\DOTSCASE@=\count450
LaTeX Info: Redefining \ldots on input line 496.
LaTeX Info: Redefining \dots on input line 499.
LaTeX Info: Redefining \cdots on input line 620.
\Mathstrutbox@=\box69
\strutbox@=\box70
LaTeX Info: Redefining \big on input line 722.
LaTeX Info: Redefining \Big on input line 723.
LaTeX Info: Redefining \bigg on input line 724.
LaTeX Info: Redefining \Bigg on input line 725.
\big@size=\dimen274
LaTeX Font Info:    Redeclaring font encoding OML on input line 743.
LaTeX Font Info:    Redeclaring font encoding OMS on input line 744.
\macc@depth=\count451
LaTeX Info: Redefining \bmod on input line 905.
LaTeX Info: Redefining \pmod on input line 910.
LaTeX Info: Redefining \smash on input line 940.
LaTeX Info: Redefining \relbar on input line 970.
LaTeX Info: Redefining \Relbar on input line 971.
\c@MaxMatrixCols=\count452
\dotsspace@=\muskip21
\c@parentequation=\count453
\dspbrk@lvl=\count454
\tag@help=\toks44
\row@=\count455
\column@=\count456
\maxfields@=\count457
\andhelp@=\toks45
\eqnshift@=\dimen275
\alignsep@=\dimen276
\tagshift@=\dimen277
\tagwidth@=\dimen278
\totwidth@=\dimen279
\lineht@=\dimen280
\@envbody=\toks46
\multlinegap=\skip91
\multlinetaggap=\skip92
\mathdisplay@stack=\toks47
LaTeX Info: Redefining \[ on input line 2953.
LaTeX Info: Redefining \] on input line 2954.
) (d:/TexLive/2023/texmf-dist/tex/latex/psnfss/mathptmx.sty
Package: mathptmx 2020/03/25 PSNFSS-v9.3 Times w/ Math, improved (SPQR, WaS) 
LaTeX Font Info:    Redeclaring symbol font `operators' on input line 28.
LaTeX Font Info:    Overwriting symbol font `operators' in version `normal'
(Font)                  OT1/cmr/m/n --> OT1/ztmcm/m/n on input line 28.
LaTeX Font Info:    Overwriting symbol font `operators' in version `bold'
(Font)                  OT1/cmr/bx/n --> OT1/ztmcm/m/n on input line 28.
LaTeX Font Info:    Redeclaring symbol font `letters' on input line 29.
LaTeX Font Info:    Overwriting symbol font `letters' in version `normal'
(Font)                  OML/cmm/m/it --> OML/ztmcm/m/it on input line 29.
LaTeX Font Info:    Overwriting symbol font `letters' in version `bold'
(Font)                  OML/cmm/b/it --> OML/ztmcm/m/it on input line 29.
LaTeX Font Info:    Redeclaring symbol font `symbols' on input line 30.
LaTeX Font Info:    Overwriting symbol font `symbols' in version `normal'
(Font)                  OMS/cmsy/m/n --> OMS/ztmcm/m/n on input line 30.
LaTeX Font Info:    Overwriting symbol font `symbols' in version `bold'
(Font)                  OMS/cmsy/b/n --> OMS/ztmcm/m/n on input line 30.
LaTeX Font Info:    Redeclaring symbol font `largesymbols' on input line 31.
LaTeX Font Info:    Overwriting symbol font `largesymbols' in version `normal'
(Font)                  OMX/cmex/m/n --> OMX/ztmcm/m/n on input line 31.
LaTeX Font Info:    Overwriting symbol font `largesymbols' in version `bold'
(Font)                  OMX/cmex/m/n --> OMX/ztmcm/m/n on input line 31.
\symbold=\mathgroup6
\symitalic=\mathgroup7
LaTeX Font Info:    Redeclaring math alphabet \mathbf on input line 34.
LaTeX Font Info:    Overwriting math alphabet `\mathbf' in version `normal'
(Font)                  OT1/cmr/bx/n --> OT1/ptm/bx/n on input line 34.
LaTeX Font Info:    Overwriting math alphabet `\mathbf' in version `bold'
(Font)                  OT1/cmr/bx/n --> OT1/ptm/bx/n on input line 34.
LaTeX Font Info:    Redeclaring math alphabet \mathit on input line 35.
LaTeX Font Info:    Overwriting math alphabet `\mathit' in version `normal'
(Font)                  OT1/cmr/m/it --> OT1/ptm/m/it on input line 35.
LaTeX Font Info:    Overwriting math alphabet `\mathit' in version `bold'
(Font)                  OT1/cmr/bx/it --> OT1/ptm/m/it on input line 35.
LaTeX Info: Redefining \hbar on input line 50.
) (./setspace.sty
Package: setspace 2000/12/01 6.7 Contributed and Supported LaTeX2e package

Package: `setspace' 6.7 <2000/12/01>
) (d:/TexLive/2023/texmf-dist/tex/latex/listings/listings.sty
\lst@mode=\count458
\lst@gtempboxa=\box71
\lst@token=\toks48
\lst@length=\count459
\lst@currlwidth=\dimen281
\lst@column=\count460
\lst@pos=\count461
\lst@lostspace=\dimen282
\lst@width=\dimen283
\lst@newlines=\count462
\lst@lineno=\count463
\lst@maxwidth=\dimen284
 (d:/TexLive/2023/texmf-dist/tex/latex/listings/lstmisc.sty
File: lstmisc.sty 2023/02/27 1.9 (Carsten Heinz)
\c@lstnumber=\count464
\lst@skipnumbers=\count465
\lst@framebox=\box72
) (d:/TexLive/2023/texmf-dist/tex/latex/listings/listings.cfg
File: listings.cfg 2023/02/27 1.9 listings configuration
))
Package: listings 2023/02/27 1.9 (Carsten Heinz)
 (d:/TexLive/2023/texmf-dist/tex/latex/listings/lstlang1.sty
File: lstlang1.sty 2023/02/27 1.9 listings language file
) (d:/TexLive/2023/texmf-dist/tex/latex/minted/minted.sty
Package: minted 2022/12/12 v2.7 Yet another Pygments shim for LaTeX
 (d:/TexLive/2023/texmf-dist/tex/latex/fvextra/fvextra.sty
Package: fvextra 2022/11/30 v1.5 fvextra - extensions and patches for fancyvrb
 (d:/TexLive/2023/texmf-dist/tex/latex/fancyvrb/fancyvrb.sty
Package: fancyvrb 2023/01/19 4.5a verbatim text (tvz,hv)
\FV@CodeLineNo=\count466
\FV@InFile=\read5
\FV@TabBox=\box73
\c@FancyVerbLine=\count467
\FV@StepNumber=\count468
\FV@OutFile=\write5
) (d:/TexLive/2023/texmf-dist/tex/latex/upquote/upquote.sty
Package: upquote 2012/04/19 v1.3 upright-quote and grave-accent glyphs in verbatim
 (d:/TexLive/2023/texmf-dist/tex/latex/base/textcomp.sty
Package: textcomp 2020/02/02 v2.0n Standard LaTeX package
)) (d:/TexLive/2023/texmf-dist/tex/latex/lineno/lineno.sty
Package: lineno 2023/05/20 line numbers on paragraphs v5.3
\linenopenalty=\count469
\output=\toks49
\linenoprevgraf=\count470
\linenumbersep=\dimen285
\linenumberwidth=\dimen286
\c@linenumber=\count471
\c@pagewiselinenumber=\count472
\c@LN@truepage=\count473
\c@internallinenumber=\count474
\c@internallinenumbers=\count475
\quotelinenumbersep=\dimen287
\bframerule=\dimen288
\bframesep=\dimen289
\bframebox=\box74
\linenoamsmath@ams@eqpen=\count476


LaTeX Warning: Command \@parboxrestore  has changed.
               Check if current package is valid.

LaTeX Info: Redefining \\ on input line 3180.
)

Package fvextra Warning: csquotes should be loaded after fvextra, to avoid a warning from the lineno package on input line 36.

\c@FV@TrueTabGroupLevel=\count477
\c@FV@TrueTabCounter=\count478
\FV@TabBox@Group=\box75
\FV@TmpLength=\skip93
\c@FV@HighlightLinesStart=\count479
\c@FV@HighlightLinesStop=\count480
\FV@LoopCount=\count481
\FV@NCharsBox=\box76
\FV@BreakIndent=\dimen290
\FV@BreakIndentNChars=\count482
\FV@BreakSymbolSepLeft=\dimen291
\FV@BreakSymbolSepLeftNChars=\count483
\FV@BreakSymbolSepRight=\dimen292
\FV@BreakSymbolSepRightNChars=\count484
\FV@BreakSymbolIndentLeft=\dimen293
\FV@BreakSymbolIndentLeftNChars=\count485
\FV@BreakSymbolIndentRight=\dimen294
\FV@BreakSymbolIndentRightNChars=\count486
\c@FancyVerbLineBreakLast=\count487
\FV@LineBox=\box77
\FV@LineIndentBox=\box78
\c@FV@BreakBufferDepth=\count488
\FV@LineWidth=\dimen295
) (d:/TexLive/2023/texmf-dist/tex/latex/tools/calc.sty
Package: calc 2017/05/25 v4.3 Infix arithmetic (KKT,FJ)
\calc@Acount=\count489
\calc@Bcount=\count490
\calc@Adimen=\dimen296
\calc@Bdimen=\dimen297
\calc@Askip=\skip94
\calc@Bskip=\skip95
LaTeX Info: Redefining \setlength on input line 80.
LaTeX Info: Redefining \addtolength on input line 81.
\calc@Ccount=\count491
\calc@Cskip=\skip96
) (d:/TexLive/2023/texmf-dist/tex/latex/tools/shellesc.sty
Package: shellesc 2019/11/08 v1.0c unified shell escape interface for LaTeX
Package shellesc Info: Unrestricted shell escape enabled on input line 75.
) (d:/TexLive/2023/texmf-dist/tex/latex/ifplatform/ifplatform.sty
Package: ifplatform 2017/10/13 v0.4a Testing for the operating system
 (d:/TexLive/2023/texmf-dist/tex/generic/catchfile/catchfile.sty
Package: catchfile 2019/12/09 v1.8 Catch the contents of a file (HO)
 (d:/TexLive/2023/texmf-dist/tex/generic/etexcmds/etexcmds.sty
Package: etexcmds 2019/12/15 v1.7 Avoid name clashes with e-TeX commands (HO)
)) (d:/TexLive/2023/texmf-dist/tex/generic/iftex/ifluatex.sty
Package: ifluatex 2019/10/25 v1.5 ifluatex legacy package. Use iftex instead.
)) (d:/TexLive/2023/texmf-dist/tex/generic/xstring/xstring.sty (d:/TexLive/2023/texmf-dist/tex/generic/xstring/xstring.tex
\integerpart=\count492
\decimalpart=\count493
)
Package: xstring 2023/01/14 v1.85 String manipulations (CT)
) (d:/TexLive/2023/texmf-dist/tex/latex/framed/framed.sty
Package: framed 2011/10/22 v 0.96: framed or shaded text with page breaks
\OuterFrameSep=\skip97
\fb@frw=\dimen298
\fb@frh=\dimen299
\FrameRule=\dimen300
\FrameSep=\dimen301
) (d:/TexLive/2023/texmf-dist/tex/latex/float/float.sty
Package: float 2001/11/08 v1.3d Float enhancements (AL)
\c@float@type=\count494
\float@exts=\toks50
\float@box=\box79
\@float@everytoks=\toks51
\@floatcapt=\box80
)
\minted@appexistsfile=\read6
\minted@bgbox=\box81
\minted@code=\write6
\c@minted@FancyVerbLineTemp=\count495
\c@minted@pygmentizecounter=\count496
\@float@every@listing=\toks52
\c@listing=\count497
)
runsystem(if not exist _minted-bachelorarbeit mkdir _minted-bachelorarbeit)...executed.

 (d:/TexLive/2023/texmf-dist/tex/latex/caption/caption.sty
Package: caption 2023/03/12 v3.6j Customizing captions (AR)
 (d:/TexLive/2023/texmf-dist/tex/latex/caption/caption3.sty
Package: caption3 2023/03/12 v2.4 caption3 kernel (AR)
\caption@tempdima=\dimen302
\captionmargin=\dimen303
\caption@leftmargin=\dimen304
\caption@rightmargin=\dimen305
\caption@width=\dimen306
\caption@indent=\dimen307
\caption@parindent=\dimen308
\caption@hangindent=\dimen309
Package caption Info: KOMA-Script document class detected.
 (d:/TexLive/2023/texmf-dist/tex/latex/caption/caption-koma.sto
File: caption-koma.sto 2022/12/27 v2.0c Adaption of the caption package to the KOMA-Script document classes (AR)
))
\c@caption@flags=\count498
\c@continuedfloat=\count499
Package caption Info: float package is loaded.
Package caption Info: listings package is loaded.
Package caption Info: KOMA-Script scrextend package detected.
\caption@addmargin@hsize=\dimen310
\caption@addmargin@linewidth=\dimen311
) (d:/TexLive/2023/texmf-dist/tex/latex/newfloat/newfloat.sty
Package: newfloat 2019/09/02 v1.1l Defining new floating environments (AR)
) (d:/TexLive/2023/texmf-dist/tex/latex/hyperref/hyperref.sty
Package: hyperref 2023-05-16 v7.00y Hypertext links for LaTeX
 (d:/TexLive/2023/texmf-dist/tex/generic/kvdefinekeys/kvdefinekeys.sty
Package: kvdefinekeys 2019-12-19 v1.6 Define keys (HO)
) (d:/TexLive/2023/texmf-dist/tex/generic/pdfescape/pdfescape.sty
Package: pdfescape 2019/12/09 v1.15 Implements pdfTeX's escape features (HO)
) (d:/TexLive/2023/texmf-dist/tex/latex/hycolor/hycolor.sty
Package: hycolor 2020-01-27 v1.10 Color options for hyperref/bookmark (HO)
) (d:/TexLive/2023/texmf-dist/tex/latex/letltxmacro/letltxmacro.sty
Package: letltxmacro 2019/12/03 v1.6 Let assignment for LaTeX macros (HO)
) (d:/TexLive/2023/texmf-dist/tex/latex/auxhook/auxhook.sty
Package: auxhook 2019-12-17 v1.6 Hooks for auxiliary files (HO)
) (d:/TexLive/2023/texmf-dist/tex/latex/hyperref/nameref.sty
Package: nameref 2023-05-16 v2.51 Cross-referencing by name of section
 (d:/TexLive/2023/texmf-dist/tex/latex/refcount/refcount.sty
Package: refcount 2019/12/15 v3.6 Data extraction from label references (HO)
) (d:/TexLive/2023/texmf-dist/tex/generic/gettitlestring/gettitlestring.sty
Package: gettitlestring 2019/12/15 v1.6 Cleanup title references (HO)
)
\c@section@level=\count500
)
\@linkdim=\dimen312
\Hy@linkcounter=\count501
\Hy@pagecounter=\count502
 (d:/TexLive/2023/texmf-dist/tex/latex/hyperref/pd1enc.def
File: pd1enc.def 2023-05-16 v7.00y Hyperref: PDFDocEncoding definition (HO)
Now handling font encoding PD1 ...
... no UTF-8 mapping file for font encoding PD1
) (d:/TexLive/2023/texmf-dist/tex/generic/intcalc/intcalc.sty
Package: intcalc 2019/12/15 v1.3 Expandable calculations with integers (HO)
)
\Hy@SavedSpaceFactor=\count503
 (d:/TexLive/2023/texmf-dist/tex/latex/hyperref/puenc.def
File: puenc.def 2023-05-16 v7.00y Hyperref: PDF Unicode definition (HO)
Now handling font encoding PU ...
... no UTF-8 mapping file for font encoding PU
)
Package hyperref Info: Hyper figures OFF on input line 4167.
Package hyperref Info: Link nesting OFF on input line 4172.
Package hyperref Info: Hyper index ON on input line 4175.
Package hyperref Info: Plain pages OFF on input line 4182.
Package hyperref Info: Backreferencing OFF on input line 4187.
Package hyperref Info: Implicit mode ON; LaTeX internals redefined.
Package hyperref Info: Bookmarks ON on input line 4434.
\c@Hy@tempcnt=\count504
LaTeX Info: Redefining \url on input line 4772.
\XeTeXLinkMargin=\dimen313
 (d:/TexLive/2023/texmf-dist/tex/generic/bitset/bitset.sty
Package: bitset 2019/12/09 v1.3 Handle bit-vector datatype (HO)
 (d:/TexLive/2023/texmf-dist/tex/generic/bigintcalc/bigintcalc.sty
Package: bigintcalc 2019/12/15 v1.5 Expandable calculations on big integers (HO)
))
\Fld@menulength=\count505
\Field@Width=\dimen314
\Fld@charsize=\dimen315
Package hyperref Info: Hyper figures OFF on input line 6051.
Package hyperref Info: Link nesting OFF on input line 6056.
Package hyperref Info: Hyper index ON on input line 6059.
Package hyperref Info: backreferencing OFF on input line 6066.
Package hyperref Info: Link coloring OFF on input line 6071.
Package hyperref Info: Link coloring with OCG OFF on input line 6076.
Package hyperref Info: PDF/A mode OFF on input line 6081.
 (d:/TexLive/2023/texmf-dist/tex/latex/base/atbegshi-ltx.sty
Package: atbegshi-ltx 2021/01/10 v1.0c Emulation of the original atbegshi
package with kernel methods
)
\Hy@abspage=\count506
\c@Item=\count507
\c@Hfootnote=\count508
)
Package hyperref Info: Driver (autodetected): hpdftex.
 (d:/TexLive/2023/texmf-dist/tex/latex/hyperref/hpdftex.def
File: hpdftex.def 2023-05-16 v7.00y Hyperref driver for pdfTeX
 (d:/TexLive/2023/texmf-dist/tex/latex/base/atveryend-ltx.sty
Package: atveryend-ltx 2020/08/19 v1.0a Emulation of the original atveryend package
with kernel methods
)
\Fld@listcount=\count509
\c@bookmark@seq@number=\count510
 (d:/TexLive/2023/texmf-dist/tex/latex/rerunfilecheck/rerunfilecheck.sty
Package: rerunfilecheck 2022-07-10 v1.10 Rerun checks for auxiliary files (HO)
 (d:/TexLive/2023/texmf-dist/tex/generic/uniquecounter/uniquecounter.sty
Package: uniquecounter 2019/12/15 v1.4 Provide unlimited unique counter (HO)
)
Package uniquecounter Info: New unique counter `rerunfilecheck' on input line 285.
)
\Hy@SectionHShift=\skip98
)
Package hyperref Info: Option `colorlinks' set `false' on input line 110.
Package csquotes Info: Checking for multilingual support...
Package csquotes Info: ... found 'babel' package.
runsystem(for ^%i in (pygmentize.exe pygmentize.bat pygmentize.cmd) do set > bachelorarbeit.aex <nul: /p x=^%~$PATH:i>> bachelorarbeit.aex)...executed.

runsystem(del bachelorarbeit.aex)...executed.

LaTeX Font Info:    Trying to load font information for T1+phv on input line 115.
 (d:/TexLive/2023/texmf-dist/tex/latex/psnfss/t1phv.fd
File: t1phv.fd 2020/03/25 scalable font definitions for T1/phv.
)
LaTeX Font Info:    Font shape `T1/phv/m/n' will be
(Font)              scaled to size 11.39996pt on input line 115.
 (./bachelorarbeit.aux

LaTeX Warning: Label `fig:diagram1' multiply defined.

)
\openout1 = `bachelorarbeit.aux'.

LaTeX Font Info:    Checking defaults for OML/cmm/m/it on input line 115.
LaTeX Font Info:    ... okay on input line 115.
LaTeX Font Info:    Checking defaults for OMS/cmsy/m/n on input line 115.
LaTeX Font Info:    ... okay on input line 115.
LaTeX Font Info:    Checking defaults for OT1/cmr/m/n on input line 115.
LaTeX Font Info:    ... okay on input line 115.
LaTeX Font Info:    Checking defaults for T1/cmr/m/n on input line 115.
LaTeX Font Info:    ... okay on input line 115.
LaTeX Font Info:    Checking defaults for TS1/cmr/m/n on input line 115.
LaTeX Font Info:    ... okay on input line 115.
LaTeX Font Info:    Checking defaults for OMX/cmex/m/n on input line 115.
LaTeX Font Info:    ... okay on input line 115.
LaTeX Font Info:    Checking defaults for U/cmr/m/n on input line 115.
LaTeX Font Info:    ... okay on input line 115.
LaTeX Font Info:    Checking defaults for PD1/pdf/m/n on input line 115.
LaTeX Font Info:    ... okay on input line 115.
LaTeX Font Info:    Checking defaults for PU/pdf/m/n on input line 115.
LaTeX Font Info:    ... okay on input line 115.
 (d:/TexLive/2023/texmf-dist/tex/context/base/mkii/supp-pdf.mkii
[Loading MPS to PDF converter (version 2006.09.02).]
\scratchcounter=\count511
\scratchdimen=\dimen316
\scratchbox=\box82
\nofMPsegments=\count512
\nofMParguments=\count513
\everyMPshowfont=\toks53
\MPscratchCnt=\count514
\MPscratchDim=\dimen317
\MPnumerator=\count515
\makeMPintoPDFobject=\count516
\everyMPtoPDFconversion=\toks54
) (d:/TexLive/2023/texmf-dist/tex/latex/epstopdf-pkg/epstopdf-base.sty
Package: epstopdf-base 2020-01-24 v2.11 Base part for package epstopdf
Package epstopdf-base Info: Redefining graphics rule for `.eps' on input line 485.
 (d:/TexLive/2023/texmf-dist/tex/latex/latexconfig/epstopdf-sys.cfg
File: epstopdf-sys.cfg 2010/07/13 v1.3 Configuration of (r)epstopdf for TeX Live
))
Package biblatex Info: Trying to load language 'ngerman'...
Package biblatex Info: ... file 'ngerman.lbx' found.
 (d:/TexLive/2023/texmf-dist/tex/latex/biblatex/lbx/ngerman.lbx
File: ngerman.lbx 2023/03/05 v3.19 biblatex localization (PK/MW)
Package biblatex Info: Trying to load language 'german'...
Package biblatex Info: ... file 'german.lbx' found.
 (d:/TexLive/2023/texmf-dist/tex/latex/biblatex/lbx/german.lbx
File: german.lbx 2023/03/05 v3.19 biblatex localization (PK/MW)
)
Package biblatex Info: Trying to load language 'german'...
Package biblatex Info: ... file 'german.lbx' found.
 (d:/TexLive/2023/texmf-dist/tex/latex/biblatex/lbx/german.lbx
File: german.lbx 2023/03/05 v3.19 biblatex localization (PK/MW)
))
Package biblatex Info: Input encoding 'utf8' detected.
Package biblatex Info: Automatic encoding selection.
(biblatex)             Assuming data encoding 'utf8'.
Package biblatex Info: Input encoding 'utf8' detected.
Package biblatex Info: Data encoding 'utf8' specified.
(biblatex)             No need to reencode data.
\openout3 = `bachelorarbeit-blx.bib'.

Package biblatex Info: Trying to load bibliographic data...
Package biblatex Info: ... file 'bachelorarbeit.bbl' found.
 (./bachelorarbeit.bbl)
Package biblatex Info: Reference section=0 on input line 115.
Package biblatex Info: Reference segment=0 on input line 115.


Package pgfplots Warning: running in backwards compatibility mode (unsuitable tick labels; missing features). Consider writing \pgfplotsset{compat=1.18} into your preamble.
 on input line 115.

\c@lstlisting=\count517
Package caption Info: Begin \AtBeginDocument code.
Package caption Info: hyperref package is loaded.
Package caption Info: End \AtBeginDocument code.
Package newfloat Info: `float' package detected.
Package hyperref Info: Link coloring OFF on input line 115.
(./bachelorarbeit.out) (./bachelorarbeit.out)
\@outlinefile=\write7
\openout7 = `bachelorarbeit.out'.

Class scrbook Info: loading recommended package `bookmark'.
(scrbook)           Using `bookmark' together with `hyperref' is recommended,
(scrbook)           because of handling of possible bookmark level gaps.
(scrbook)           You can avoid loading `bookmark' with KOMA-Script option
(scrbook)           `bookmarkpackage=false' before \begin{document} and
(scrbook)           you can avoid this message adding:
(scrbook)             \usepackage{bookmark}
(scrbook)           before \begin{document} on input line 115.
 (d:/TexLive/2023/texmf-dist/tex/latex/bookmark/bookmark.sty
Package: bookmark 2020-11-06 v1.29 PDF bookmarks (HO)
 (d:/TexLive/2023/texmf-dist/tex/latex/bookmark/bkm-pdftex.def
File: bkm-pdftex.def 2020-11-06 v1.29 bookmark driver for pdfTeX (HO)
\BKM@id=\count518
))
<images/logo_uulm_sw.png, id=7, 285.9483pt x 81.1833pt>
File: images/logo_uulm_sw.png Graphic file (type png)
<use images/logo_uulm_sw.png>
Package pdftex.def Info: images/logo_uulm_sw.png  used on input line 123.
(pdftex.def)             Requested size: 180.39706pt x 51.21504pt.

Underfull \hbox (badness 10000) in paragraph at lines 122--124

 []

LaTeX Font Info:    Font shape `T1/phv/m/n' will be
(Font)              scaled to size 9.49997pt on input line 125.
LaTeX Font Info:    Font shape `T1/phv/b/n' will be
(Font)              scaled to size 9.49997pt on input line 130.

Overfull \hbox (16.56062pt too wide) in paragraph at lines 130--130
\T1/phv/b/n/10 Ingenieurwissenschaften,
 []


Underfull \hbox (badness 10000) in paragraph at lines 130--130
\T1/phv/m/n/10 Datenbanken und
 []


Underfull \hbox (badness 10000) in paragraph at lines 127--131

 []

LaTeX Font Info:    Font shape `T1/phv/b/n' will be
(Font)              scaled to size 19.70294pt on input line 132.
LaTeX Font Info:    Trying to load font information for OT1+ztmcm on input line 132.
(d:/TexLive/2023/texmf-dist/tex/latex/psnfss/ot1ztmcm.fd
File: ot1ztmcm.fd 2000/01/03 Fontinst v1.801 font definitions for OT1/ztmcm.
)
LaTeX Font Info:    Trying to load font information for OML+ztmcm on input line 132.
 (d:/TexLive/2023/texmf-dist/tex/latex/psnfss/omlztmcm.fd
File: omlztmcm.fd 2000/01/03 Fontinst v1.801 font definitions for OML/ztmcm.
)
LaTeX Font Info:    Trying to load font information for OMS+ztmcm on input line 132.
 (d:/TexLive/2023/texmf-dist/tex/latex/psnfss/omsztmcm.fd
File: omsztmcm.fd 2000/01/03 Fontinst v1.801 font definitions for OMS/ztmcm.
)
LaTeX Font Info:    Trying to load font information for OMX+ztmcm on input line 132.
 (d:/TexLive/2023/texmf-dist/tex/latex/psnfss/omxztmcm.fd
File: omxztmcm.fd 2000/01/03 Fontinst v1.801 font definitions for OMX/ztmcm.
)
LaTeX Font Info:    Trying to load font information for OT1+ptm on input line 132.
 (d:/TexLive/2023/texmf-dist/tex/latex/psnfss/ot1ptm.fd
File: ot1ptm.fd 2001/06/04 font definitions for OT1/ptm.
)
LaTeX Font Info:    Font shape `OT1/ptm/bx/n' in size <10> not available
(Font)              Font shape `OT1/ptm/b/n' tried instead on input line 132.
LaTeX Font Info:    Font shape `OT1/ptm/bx/n' in size <7.4> not available
(Font)              Font shape `OT1/ptm/b/n' tried instead on input line 132.
LaTeX Font Info:    Font shape `OT1/ptm/bx/n' in size <6> not available
(Font)              Font shape `OT1/ptm/b/n' tried instead on input line 132.

Underfull \hbox (badness 10000) in paragraph at lines 132--134

 []


Underfull \hbox (badness 10000) in paragraph at lines 135--143

 []

[1


{d:/TexLive/2023/texmf-var/fonts/map/pdftex/updmap/pdftex.map}{d:/TexLive/2023/texmf-dist/fonts/enc/dvips/base/8r.enc} <./images/logo_uulm_sw.png>]
LaTeX Font Info:    Font shape `T1/phv/m/n' will be
(Font)              scaled to size 10.40245pt on input line 149.
LaTeX Font Info:    Trying to load font information for TS1+phv on input line 152.
 (d:/TexLive/2023/texmf-dist/tex/latex/psnfss/ts1phv.fd
File: ts1phv.fd 2020/03/25 scalable font definitions for TS1/phv.
)
LaTeX Font Info:    Font shape `TS1/phv/m/n' will be
(Font)              scaled to size 10.40245pt on input line 152.
LaTeX Font Info:    Font shape `OT1/ptm/bx/n' in size <10.95> not available
(Font)              Font shape `OT1/ptm/b/n' tried instead on input line 155.
LaTeX Font Info:    Font shape `OT1/ptm/bx/n' in size <8> not available
(Font)              Font shape `OT1/ptm/b/n' tried instead on input line 155.
LaTeX Font Info:    Font shape `T1/phv/m/n' will be
(Font)              scaled to size 7.59998pt on input line 155.
 (./chapters/acknowledgement.tex [2

]
LaTeX Font Info:    Font shape `T1/phv/b/n' will be
(Font)              scaled to size 11.39996pt on input line 1.
LaTeX Font Info:    Font shape `T1/phv/b/n' will be
(Font)              scaled to size 23.63593pt on input line 1.
) (./chapters/abstract.tex [3

]) [4

] (./bachelorarbeit.toc
LaTeX Font Info:    Font shape `OT1/ptm/bx/n' in size <12> not available
(Font)              Font shape `OT1/ptm/b/n' tried instead on input line 3.
LaTeX Font Info:    Font shape `OT1/ptm/bx/n' in size <9> not available
(Font)              Font shape `OT1/ptm/b/n' tried instead on input line 3.
LaTeX Font Info:    Font shape `OT1/ptm/bx/n' in size <7> not available
(Font)              Font shape `OT1/ptm/b/n' tried instead on input line 3.
 [5

])
\tf@toc=\write8
\openout8 = `bachelorarbeit.toc'.

LaTeX Font Info:    Font shape `T1/phv/m/sl' will be
(Font)              scaled to size 11.39996pt on input line 167.

Overfull \vbox (1.17493pt too high) has occurred while \output is active []

 [6] (./chapters/introduction.tex
chapter 1.

Class scrbook Warning: \float@addtolists detected!
(scrbook)              Implementation of \float@addtolist became
(scrbook)              deprecated in KOMA-Script v3.01 2008/11/14 and
(scrbook)              has been replaced by several more flexible
(scrbook)              features of package `tocbasic`.
(scrbook)              Since Version 3.12 support for deprecated
(scrbook)              \float@addtolist interface has been
(scrbook)              restricted to only some of the KOMA-Script
(scrbook)              features and been removed from others.
(scrbook)              Loading of package `scrhack' may help to
(scrbook)              avoid this warning, if you are using a
(scrbook)              a package that still implements the
(scrbook)              deprecated \float@addtolist interface.

LaTeX Font Info:    Font shape `T1/phv/b/n' will be
(Font)              scaled to size 16.41594pt on input line 3.
) (./chapters/basics.tex [1


]
chapter 2.
) (./chapters/codeoptimization.tex [2

]
chapter 3.
LaTeX Font Info:    Font shape `T1/phv/b/n' will be
(Font)              scaled to size 13.67995pt on input line 11.
[3

]
\openout6 = `bachelorarbeit.pyg'.

 (./_minted-bachelorarbeit/default.pygstyle) (./_minted-bachelorarbeit/D531B40FDE2452C06FDA3A5587962AE800C641777EA6042B8269C4E669F224F5.pygtex
LaTeX Font Info:    Trying to load font information for T1+pcr on input line 3.
 (d:/TexLive/2023/texmf-dist/tex/latex/psnfss/t1pcr.fd
File: t1pcr.fd 2001/06/04 font definitions for T1/pcr.
))
\openout6 = `bachelorarbeit.pyg'.

 (./_minted-bachelorarbeit/326C14F56E25FFD5D4F30CEEF2D8D47F00C641777EA6042B8269C4E669F224F5.pygtex)
\openout6 = `bachelorarbeit.pyg'.

 (./_minted-bachelorarbeit/7596E8BD78EE4FE83B3B37B1D88A3D1000C641777EA6042B8269C4E669F224F5.pygtex)
Underfull \hbox (badness 10000) in paragraph at lines 29--33

 []

\openout5 = `bachelorarbeit.pyg'.

(./_minted-bachelorarbeit/vs.pygstyle) (./_minted-bachelorarbeit/18270F4089062F56201519B5ACAFB3F900C641777EA6042B8269C4E669F224F5.pygtex
LaTeX Font Info:    Trying to load font information for T1+ptm on input line 2.
 (d:/TexLive/2023/texmf-dist/tex/latex/psnfss/t1ptm.fd
File: t1ptm.fd 2001/06/04 font definitions for T1/ptm.
))
\openout6 = `bachelorarbeit.pyg'.

 (./_minted-bachelorarbeit/326C14F56E25FFD5D4F30CEEF2D8D47F00C641777EA6042B8269C4E669F224F5.pygtex)
Underfull \hbox (badness 10000) in paragraph at lines 66--71

 []


Overfull \vbox (1.17493pt too high) has occurred while \output is active []

 [4]
\openout5 = `bachelorarbeit.pyg'.

 (./_minted-bachelorarbeit/9D49B497275EA3854AB87DE8B57AB2F400C641777EA6042B8269C4E669F224F5.pygtex)
Overfull \hbox (5.66519pt too wide) in paragraph at lines 80--87
\T1/phv/m/n/12 chen-den An-wei-sun-gen bei je-der An-fra-ge er-neut mit-zu-sen-den. Die-ser Um-stand bringt
 []


Overfull \vbox (1.17493pt too high) has occurred while \output is active []

 [5]
Underfull \hbox (badness 1147) in paragraph at lines 138--138
\T1/phv/m/n/12 ger To-ken-ver-brauch, schnel-le
 []


Underfull \hbox (badness 1661) in paragraph at lines 139--139
[]|\T1/phv/m/n/12 Standardisiert, gut do-ku-men-
 []


Underfull \hbox (badness 1424) in paragraph at lines 141--141
[]|\T1/phv/m/n/12 Kein Stan-dard, Lern-auf-wand,
 []


Underfull \hbox (badness 10000) in paragraph at lines 142--142
[]|\T1/phv/m/n/12 hoher To-ken-ver-brauch, um-
 []


Underfull \hbox (badness 10000) in paragraph at lines 142--142
\T1/phv/m/n/12 fang-rei-che Syn-tax, un-ber-
 []


Underfull \hbox (badness 10000) in paragraph at lines 142--142
\T1/phv/m/n/12 sicht-li-cher, mehr Kos-ten,
 []


Overfull \vbox (1.17493pt too high) has occurred while \output is active []

 [6]
Underfull \hbox (badness 10000) in paragraph at lines 154--155

 []

\openout5 = `bachelorarbeit.pyg'.

(./_minted-bachelorarbeit/340096A1F7ED178C25A5EE8B3F85EC6F01D3707017B41C60CC59CD5A809FF8D0.pygtex)
\openout6 = `bachelorarbeit.pyg'.

 (./_minted-bachelorarbeit/5CD8203FF80F08E213B04FF4B9D9B60200C641777EA6042B8269C4E669F224F5.pygtex)
Overfull \hbox (96.57817pt too wide) in paragraph at lines 178--191
\T1/pcr/m/n/12 com / docs / guides / images-[]vision ? api-[]mode = responses & format = base64-[]encoded #
 []


Overfull \vbox (1.17493pt too high) has occurred while \output is active []

 [7]
Underfull \hbox (badness 10000) in paragraph at lines 205--206

 []

\openout5 = `bachelorarbeit.pyg'.

(./_minted-bachelorarbeit/2AA6B3AEA8EBCC6F30725D7F81585E9F01D3707017B41C60CC59CD5A809FF8D0.pygtex)
Underfull \hbox (badness 10000) in paragraph at lines 219--220

 []


Overfull \vbox (1.17493pt too high) has occurred while \output is active []

 [8]
\openout5 = `bachelorarbeit.pyg'.

 (./_minted-bachelorarbeit/290B00BD2C639B2083653BD56F4A0D5D00C641777EA6042B8269C4E669F224F5.pygtex)
Underfull \hbox (badness 10000) in paragraph at lines 230--231

 []

\openout5 = `bachelorarbeit.pyg'.

(./_minted-bachelorarbeit/5184F2F13B13B30E42D99375A101812800C641777EA6042B8269C4E669F224F5.pygtex)
Overfull \hbox (1.07977pt too wide) in paragraph at lines 248--255
\T1/phv/m/n/12 Die-ses Ver-fah-ren er-mg-licht es dem Mo-dell, kom-ple-xe-re Denk-pro-zes-se in-tern nach-
 []


Overfull \vbox (1.17493pt too high) has occurred while \output is active []

 [9]
Overfull \vbox (1.17493pt too high) has occurred while \output is active []

 [10]
Underfull \hbox (badness 10000) in paragraph at lines 293--295

 []

\openout5 = `bachelorarbeit.pyg'.

(./_minted-bachelorarbeit/3FBEE05C79C5E05AA0B5FED9C1C8EE1A01D3707017B41C60CC59CD5A809FF8D0.pygtex)
Overfull \vbox (1.17493pt too high) has occurred while \output is active []

 [11]
Underfull \hbox (badness 10000) in paragraph at lines 338--339

 []

\openout5 = `bachelorarbeit.pyg'.

(./_minted-bachelorarbeit/B2457DF2480519E2515464962E2252BD00C641777EA6042B8269C4E669F224F5.pygtex)
Underfull \hbox (badness 10000) in paragraph at lines 351--355

 []

\openout5 = `bachelorarbeit.pyg'.

(./_minted-bachelorarbeit/09E42A39347E02952A790AC3ECF8A5B300C641777EA6042B8269C4E669F224F5.pygtex)
Underfull \hbox (badness 10000) in paragraph at lines 364--368

 []

\openout5 = `bachelorarbeit.pyg'.

(./_minted-bachelorarbeit/D1443EF89DE5DEDD1C7D53F1DC9B25C400C641777EA6042B8269C4E669F224F5.pygtex)
Overfull \vbox (1.17493pt too high) has occurred while \output is active []

 [12]
Underfull \hbox (badness 10000) in paragraph at lines 397--399

 []

\openout5 = `bachelorarbeit.pyg'.

(./_minted-bachelorarbeit/269885349246CCDF6DEBC9A24354B2E500C641777EA6042B8269C4E669F224F5.pygtex
Package textcomp Info: Symbol \textasciigrave not provided by
(textcomp)             font family pcr in TS1 encoding.
(textcomp)             Default family used instead on input line 4.
LaTeX Font Info:    Trying to load font information for T1+cmtt on input line 4.
 (d:/TexLive/2023/texmf-dist/tex/latex/base/t1cmtt.fd
File: t1cmtt.fd 2022/07/10 v2.5l Standard LaTeX font definitions
)
LaTeX Font Info:    Trying to load font information for TS1+cmtt on input line 4.
 (d:/TexLive/2023/texmf-dist/tex/latex/base/ts1cmtt.fd
File: ts1cmtt.fd 2022/07/10 v2.5l Standard LaTeX font definitions
)
Package textcomp Info: Symbol \textasciigrave not provided by
(textcomp)             font family pcr in TS1 encoding.
(textcomp)             Default family used instead on input line 5.
)
Underfull \hbox (badness 10000) in paragraph at lines 414--417

 []


Overfull \vbox (1.17493pt too high) has occurred while \output is active []

 [13{d:/TexLive/2023/texmf-dist/fonts/enc/dvips/cm-super/cm-super-ts1.enc}]
\openout5 = `bachelorarbeit.pyg'.

 (./_minted-bachelorarbeit/DCA980DB17448F0FE2D9C20DE658CFC488DD8CBCA5DC732330A7A33BAA956AD8.pygtex)
LaTeX Font Info:    Font shape `TS1/phv/m/n' will be
(Font)              scaled to size 11.39996pt on input line 485.

Overfull \hbox (13.13812pt too wide) in paragraph at lines 444--486
[] 
 []


Overfull \vbox (1.17493pt too high) has occurred while \output is active []

 [14]
<images/diagrams/diagram_1.pdf, id=181, 760.34062pt x 557.08125pt>
File: images/diagrams/diagram_1.pdf Graphic file (type pdf)
<use images/diagrams/diagram_1.pdf>
Package pdftex.def Info: images/diagrams/diagram_1.pdf  used on input line 494.
(pdftex.def)             Requested size: 416.12161pt x 304.89107pt.

Overfull \vbox (1.17493pt too high) has occurred while \output is active []

 [15]
<images/diagrams/diagram_2.pdf, id=197, 760.34062pt x 557.08125pt>
File: images/diagrams/diagram_2.pdf Graphic file (type pdf)
<use images/diagrams/diagram_2.pdf>
Package pdftex.def Info: images/diagrams/diagram_2.pdf  used on input line 507.
(pdftex.def)             Requested size: 416.12161pt x 304.89107pt.

Overfull \vbox (1.17493pt too high) has occurred while \output is active []

 [16 <./images/diagrams/diagram_1.pdf>]
Overfull \hbox (0.56561pt too wide) in paragraph at lines 534--542
\T1/phv/m/n/12 wel-che Be-stand-tei-le tat-sch-lich ein Dia-gramm dar-stel-len, das wei-ter-ver-ar-bei-tet oder
 []


Overfull \vbox (1.17493pt too high) has occurred while \output is active []

 [17 <./images/diagrams/diagram_2.pdf>]
Package textcomp Info: Symbol \textasciigrave not provided by
(textcomp)             font family phv in TS1 encoding.
(textcomp)             Default family used instead on input line 573.
LaTeX Font Info:    Trying to load font information for T1+cmss on input line 573.
 (d:/TexLive/2023/texmf-dist/tex/latex/base/t1cmss.fd
File: t1cmss.fd 2022/07/10 v2.5l Standard LaTeX font definitions
)
LaTeX Font Info:    Trying to load font information for TS1+cmss on input line 573.
 (d:/TexLive/2023/texmf-dist/tex/latex/base/ts1cmss.fd
File: ts1cmss.fd 2022/07/10 v2.5l Standard LaTeX font definitions
)
Package textcomp Info: Symbol \textasciigrave not provided by
(textcomp)             font family phv in TS1 encoding.
(textcomp)             Default family used instead on input line 573.
Package textcomp Info: Symbol \textasciigrave not provided by
(textcomp)             font family phv in TS1 encoding.
(textcomp)             Default family used instead on input line 573.
Package textcomp Info: Symbol \textasciigrave not provided by
(textcomp)             font family phv in TS1 encoding.
(textcomp)             Default family used instead on input line 573.
Package textcomp Info: Symbol \textasciigrave not provided by
(textcomp)             font family phv in TS1 encoding.
(textcomp)             Default family used instead on input line 573.
Package textcomp Info: Symbol \textasciigrave not provided by
(textcomp)             font family phv in TS1 encoding.
(textcomp)             Default family used instead on input line 573.
Package textcomp Info: Symbol \textasciigrave not provided by
(textcomp)             font family phv in TS1 encoding.
(textcomp)             Default family used instead on input line 573.
Package textcomp Info: Symbol \textasciigrave not provided by
(textcomp)             font family phv in TS1 encoding.
(textcomp)             Default family used instead on input line 573.

Overfull \hbox (1.0pt too wide) in paragraph at lines 573--573
[][][][][][] 
 []


Underfull \hbox (badness 2680) in paragraph at lines 573--573
[][][][][][][][][][][][][][][][][][] \T1/phv/m/n/12 und wei-te-re tasks
 []


Overfull \hbox (13.13812pt too wide) in paragraph at lines 550--574
[] 
 []

\openout5 = `bachelorarbeit.pyg'.

(./_minted-bachelorarbeit/B50E103FBD05386DDCB524908499939500C641777EA6042B8269C4E669F224F5.pygtex
Package textcomp Info: Symbol \textasciigrave not provided by
(textcomp)             font family pcr in TS1 encoding.
(textcomp)             Default family used instead on input line 2.
Package textcomp Info: Symbol \textasciigrave not provided by
(textcomp)             font family pcr in TS1 encoding.
(textcomp)             Default family used instead on input line 2.
Package textcomp Info: Symbol \textasciigrave not provided by
(textcomp)             font family pcr in TS1 encoding.
(textcomp)             Default family used instead on input line 2.
Package textcomp Info: Symbol \textasciigrave not provided by
(textcomp)             font family pcr in TS1 encoding.
(textcomp)             Default family used instead on input line 2.
Package textcomp Info: Symbol \textasciigrave not provided by
(textcomp)             font family pcr in TS1 encoding.
(textcomp)             Default family used instead on input line 2.
Package textcomp Info: Symbol \textasciigrave not provided by
(textcomp)             font family pcr in TS1 encoding.
(textcomp)             Default family used instead on input line 2.
Package textcomp Info: Symbol \textasciigrave not provided by
(textcomp)             font family pcr in TS1 encoding.
(textcomp)             Default family used instead on input line 2.
Package textcomp Info: Symbol \textasciigrave not provided by
(textcomp)             font family pcr in TS1 encoding.
(textcomp)             Default family used instead on input line 2.
Package textcomp Info: Symbol \textasciigrave not provided by
(textcomp)             font family pcr in TS1 encoding.
(textcomp)             Default family used instead on input line 2.
Package textcomp Info: Symbol \textasciigrave not provided by
(textcomp)             font family pcr in TS1 encoding.
(textcomp)             Default family used instead on input line 2.
Package textcomp Info: Symbol \textasciigrave not provided by
(textcomp)             font family pcr in TS1 encoding.
(textcomp)             Default family used instead on input line 2.
Package textcomp Info: Symbol \textasciigrave not provided by
(textcomp)             font family pcr in TS1 encoding.
(textcomp)             Default family used instead on input line 2.
Package textcomp Info: Symbol \textasciigrave not provided by
(textcomp)             font family pcr in TS1 encoding.
(textcomp)             Default family used instead on input line 2.
Package textcomp Info: Symbol \textasciigrave not provided by
(textcomp)             font family pcr in TS1 encoding.
(textcomp)             Default family used instead on input line 2.
Package textcomp Info: Symbol \textasciigrave not provided by
(textcomp)             font family pcr in TS1 encoding.
(textcomp)             Default family used instead on input line 2.
Package textcomp Info: Symbol \textasciigrave not provided by
(textcomp)             font family pcr in TS1 encoding.
(textcomp)             Default family used instead on input line 2.
LaTeX Font Info:    Font shape `OT1/ptm/bx/n' in size <5> not available
(Font)              Font shape `OT1/ptm/b/n' tried instead on input line 2.
LaTeX Font Info:    Font shape `T1/phv/m/n' will be
(Font)              scaled to size 5.69998pt on input line 2.
)
Package textcomp Info: Symbol \textasciigrave not provided by
(textcomp)             font family phv in TS1 encoding.
(textcomp)             Default family used instead on input line 587.
Package textcomp Info: Symbol \textasciigrave not provided by
(textcomp)             font family phv in TS1 encoding.
(textcomp)             Default family used instead on input line 587.
Package textcomp Info: Symbol \textasciigrave not provided by
(textcomp)             font family phv in TS1 encoding.
(textcomp)             Default family used instead on input line 587.

Overfull \vbox (1.17493pt too high) has occurred while \output is active []

 [18]
Package textcomp Info: Symbol \textasciigrave not provided by
(textcomp)             font family phv in TS1 encoding.
(textcomp)             Default family used instead on input line 615.
Package textcomp Info: Symbol \textasciigrave not provided by
(textcomp)             font family phv in TS1 encoding.
(textcomp)             Default family used instead on input line 615.
Package textcomp Info: Symbol \textasciigrave not provided by
(textcomp)             font family phv in TS1 encoding.
(textcomp)             Default family used instead on input line 615.
Package textcomp Info: Symbol \textasciigrave not provided by
(textcomp)             font family phv in TS1 encoding.
(textcomp)             Default family used instead on input line 615.
Package textcomp Info: Symbol \textasciigrave not provided by
(textcomp)             font family phv in TS1 encoding.
(textcomp)             Default family used instead on input line 615.
Package textcomp Info: Symbol \textasciigrave not provided by
(textcomp)             font family phv in TS1 encoding.
(textcomp)             Default family used instead on input line 615.
Package textcomp Info: Symbol \textasciigrave not provided by
(textcomp)             font family phv in TS1 encoding.
(textcomp)             Default family used instead on input line 615.
Package textcomp Info: Symbol \textasciigrave not provided by
(textcomp)             font family phv in TS1 encoding.
(textcomp)             Default family used instead on input line 615.

Overfull \hbox (1.34755pt too wide) in paragraph at lines 615--615
[][][][][][][][][][][][] 
 []


Overfull \hbox (1.0pt too wide) in paragraph at lines 615--615
[][][][][][] 
 []


Underfull \hbox (badness 2680) in paragraph at lines 615--615
[][][][][][][][][][][][][][][][][][] \T1/phv/m/n/12 und wei-te-re tasks
 []


Overfull \hbox (13.13812pt too wide) in paragraph at lines 592--616
[] 
 []


Overfull \vbox (1.17493pt too high) has occurred while \output is active []

 [19]
Underfull \hbox (badness 10000) in paragraph at lines 651--653

 []

\openout5 = `bachelorarbeit.pyg'.

(./_minted-bachelorarbeit/E343E59125416BD15EFE2FA51A56573100C641777EA6042B8269C4E669F224F5.pygtex)
Overfull \vbox (1.17493pt too high) has occurred while \output is active []

 [20]
Underfull \hbox (badness 10000) in paragraph at lines 680--685

 []

\openout5 = `bachelorarbeit.pyg'.

(./_minted-bachelorarbeit/79762DE3263D7C70D9A912445E75483000C641777EA6042B8269C4E669F224F5.pygtex)
Underfull \hbox (badness 10000) in paragraph at lines 726--728

 []


Overfull \vbox (1.17493pt too high) has occurred while \output is active []

 [21]
Overfull \vbox (12.26183pt too high) has occurred while \output is active []


Overfull \vbox (1.17493pt too high) has occurred while \output is active []

 [22]
\openout5 = `bachelorarbeit.pyg'.

 (./_minted-bachelorarbeit/68276AF0643BC2CE8E0FE27CFCA4C7C100C641777EA6042B8269C4E669F224F5.pygtex
LaTeX Font Info:    Trying to load font information for TS1+pcr on input line 14.
 (d:/TexLive/2023/texmf-dist/tex/latex/psnfss/ts1pcr.fd
File: ts1pcr.fd 2001/06/04 font definitions for TS1/pcr.
))
Overfull \vbox (1.17493pt too high) has occurred while \output is active []

 [23]
Underfull \hbox (badness 10000) in paragraph at lines 789--795

 []

\openout5 = `bachelorarbeit.pyg'.

(./_minted-bachelorarbeit/CD2FC6D1A691420E1F9A3DE76D68CA1600C641777EA6042B8269C4E669F224F5.pygtex)
Underfull \hbox (badness 10000) in paragraph at lines 810--815

 []


Overfull \vbox (1.17493pt too high) has occurred while \output is active []

 [24]
\openout5 = `bachelorarbeit.pyg'.

 (./_minted-bachelorarbeit/2E0AAF74DE4DD3EF597AA2A4BABF2DE900C641777EA6042B8269C4E669F224F5.pygtex)
Underfull \hbox (badness 10000) in paragraph at lines 825--829

 []

\openout5 = `bachelorarbeit.pyg'.

(./_minted-bachelorarbeit/6A90104B1CD17CB5E96AA91A7DC4141800C641777EA6042B8269C4E669F224F5.pygtex)
Underfull \hbox (badness 10000) in paragraph at lines 838--842

 []

\openout5 = `bachelorarbeit.pyg'.

(./_minted-bachelorarbeit/3F501AA24B2941B2A7E8A403D72E74BD00C641777EA6042B8269C4E669F224F5.pygtex)
Overfull \vbox (1.17493pt too high) has occurred while \output is active []

 [25]
Overfull \hbox (1.37907pt too wide) in paragraph at lines 878--883
\T1/phv/m/n/12 wird die-ser zu-nchst zu-rck-ge-hal-ten und nicht an den Cli-ent ber-tra-gen. Dia-gramm-
 []


Overfull \vbox (1.17493pt too high) has occurred while \output is active []

 [26]
LaTeX Font Info:    Font shape `T1/phv/m/it' in size <12> not available
(Font)              Font shape `T1/phv/m/sl' tried instead on input line 924.
LaTeX Font Info:    Font shape `T1/phv/m/sl' will be
(Font)              scaled to size 11.39996pt on input line 924.

Underfull \hbox (badness 10000) in paragraph at lines 924--924

 []


Overfull \hbox (13.13812pt too wide) in paragraph at lines 915--925
[] 
 []


Overfull \vbox (1.17493pt too high) has occurred while \output is active []

 [27]
Overfull \hbox (26.0087pt too wide) in paragraph at lines 947--952
\T1/phv/m/n/12 ver-wen-det wird. So-bald das Dia-gramm fer-tig er-stellt wur-de, wird auch ein \T1/pcr/m/n/12 diagram-end
 []


Underfull \hbox (badness 10000) in paragraph at lines 997--997

 []


Underfull \hbox (badness 10000) in paragraph at lines 997--997

 []


Underfull \hbox (badness 10000) in paragraph at lines 997--997

 []


Underfull \hbox (badness 10000) in paragraph at lines 997--997

 []


Underfull \hbox (badness 10000) in paragraph at lines 997--997

 []


Underfull \hbox (badness 10000) in paragraph at lines 997--997

 []


Underfull \hbox (badness 10000) in paragraph at lines 997--997

 []


Underfull \hbox (badness 10000) in paragraph at lines 997--997

 []


Underfull \hbox (badness 10000) in paragraph at lines 997--997

 []


Overfull \hbox (13.13812pt too wide) in paragraph at lines 963--998
[] 
 []


Overfull \vbox (1.17493pt too high) has occurred while \output is active []

 [28]) (./chapters/analysis.tex
Overfull \vbox (1.17493pt too high) has occurred while \output is active []

 [29]
Overfull \vbox (1.17493pt too high) has occurred while \output is active []

 [30]
chapter 4.

Overfull \hbox (13.13812pt too wide) in paragraph at lines 18--26
[] 
 []


Overfull \hbox (23.2547pt too wide) in paragraph at lines 147--148
 [][] 
 []

[31

]
Overfull \hbox (13.13812pt too wide) in paragraph at lines 160--168
[] 
 []

Missing character: There is no ; in font nullfont!
Missing character: There is no ; in font nullfont!
) (./chapters/relatedwork.tex
Overfull \vbox (1.17493pt too high) has occurred while \output is active []

 [32]
Overfull \vbox (1.17493pt too high) has occurred while \output is active []

 [33]
chapter 5.
) (./chapters/conclusion.tex [34

]
chapter 6.
) (./chapters/notes.tex [35

] [36

]
Overfull \hbox (13.95427pt too wide) in paragraph at lines 36--37
[]\T1/phv/b/n/12 Inhalt: \T1/phv/m/n/12 Ein-satz von RL-HF zur Ver-bes-se-rung der In-struk-ti-ons-be-fol-gung durch Sprach-
 []

) (./chapters/vorlage.tex
Overfull \vbox (1.17493pt too high) has occurred while \output is active []

 [37]
LaTeX Font Info:    Font shape `T1/phv/m/n' will be
(Font)              scaled to size 8.54997pt on input line 3.

Overfull \hbox (6.25032pt too wide) in paragraph at lines 18--19
[]\T1/phv/m/n/12 Allerdings soll-te man sich ber-le-gen, ob man wirk-lich bis zur Stu-fe [][]\T1/pcr/m/n/12 subsubsection
 []

[38

]
<images/Suffix_tree_ABAB_BABA.pdf, id=338, 252.945pt x 298.716pt>
File: images/Suffix_tree_ABAB_BABA.pdf Graphic file (type pdf)
<use images/Suffix_tree_ABAB_BABA.pdf>
Package pdftex.def Info: images/Suffix_tree_ABAB_BABA.pdf  used on input line 32.
(pdftex.def)             Requested size: 166.44609pt x 196.56973pt.

Overfull \vbox (1.17493pt too high) has occurred while \output is active []

 [39]
Overfull \vbox (1.17493pt too high) has occurred while \output is active []

 [40 <./images/Suffix_tree_ABAB_BABA.pdf>]
Overfull \hbox (23.0782pt too wide) in paragraph at lines 86--86
[]  \T1/pcr/m/n/12 Dieser Text steht in einer verbatim-Umgebung und wird daher[] 
 []


Overfull \hbox (87.87817pt too wide) in paragraph at lines 86--86
[]  \T1/pcr/m/n/12 LaTeX-Kommandos, z.B. \includegraphics[width=.6\textwidth]{bild.jpg}[] 
 []


Overfull \hbox (15.8782pt too wide) in paragraph at lines 86--86
[]  \T1/pcr/m/n/12 werden nicht interpretiert, sondern "verbatim" ausgegeben.[] 
 []


Overfull \vbox (1.17493pt too high) has occurred while \output is active []

 [41]
LaTeX Font Info:    Font shape `T1/phv/m/n' will be
(Font)              scaled to size 7.02997pt on input line 107.
LaTeX Font Info:    Font shape `T1/phv/m/it' in size <10> not available
(Font)              Font shape `T1/phv/m/sl' tried instead on input line 107.
LaTeX Font Info:    Font shape `T1/phv/m/sl' will be
(Font)              scaled to size 9.49997pt on input line 107.

Overfull \hbox (9.95029pt too wide) in paragraph at lines 111--112
\T1/phv/m/n/12 zu nutzt man die Sti-l-op-tio-nen und Zi-tier-be-feh-le des Pa-kets [][]\T1/pcr/m/n/12 biblatex[]\T1/phv/m/n/12 , z.B.[][]\T1/pcr/m/n/12 numeric
 []


Overfull \vbox (1.17493pt too high) has occurred while \output is active []

 [42]) (./chapters/sources.tex
Overfull \vbox (1.17493pt too high) has occurred while \output is active []

 [43]
chapter A.
\openout5 = `bachelorarbeit.pyg'.

(./_minted-bachelorarbeit/D824FBEFF3B0CB81B1CFA5716A4F6F2100C641777EA6042B8269C4E669F224F5.pygtex
Package textcomp Info: Symbol \textasciigrave not provided by
(textcomp)             font family pcr in TS1 encoding.
(textcomp)             Default family used instead on input line 3.
Package textcomp Info: Symbol \textasciigrave not provided by
(textcomp)             font family pcr in TS1 encoding.
(textcomp)             Default family used instead on input line 3.
)) [44

]
chapter without number

Overfull \hbox (4.15958pt too wide) in paragraph at lines 196--196
[]\T1/phv/m/n/12 Frank Mit-tel-bach, Mi-chel Goos-sens und Jo-han-nes Braams. \T1/phv/m/sl/12 Der Latex-Begleiter\T1/phv/m/n/12 .
 []

[45



] [46

] (./bachelorarbeit.aux)

LaTeX Warning: There were multiply-defined labels.

Package rerunfilecheck Info: File `bachelorarbeit.out' has not changed.
(rerunfilecheck)             Checksum: D41D8CD98F00B204E9800998ECF8427E;0.
runsystem(del bachelorarbeit.pyg)...executed.

Package logreq Info: Writing requests to 'bachelorarbeit.run.xml'.
\openout1 = `bachelorarbeit.run.xml'.

 ) 
Here is how much of TeX's memory you used:
 51937 strings out of 476038
 1176466 string characters out of 5794174
 1984424 words of memory out of 5000000
 71290 multiletter control sequences out of 15000+600000
 609475 words of font info for 185 fonts, out of 8000000 for 9000
 1144 hyphenation exceptions out of 8191
 108i,19n,106p,11015b,2423s stack positions out of 10000i,1000n,20000p,200000b,200000s
<d:/TexLive/2023/texmf-dist/fonts/type1/public/amsfonts/cm/cmmi10.pfb><d:/TexLive/2023/texmf-dist/fonts/type1/public/amsfonts/cm/cmr10.pfb><d:/TexLive/2023/texmf-dist/fonts/type1/public/amsfonts/cm/cmsy10.pfb><d:/TexLive/2023/texmf-dist/fonts/type1/public/cm-super/sfss1200.pfb><d:/TexLive/2023/texmf-dist/fonts/type1/public/cm-super/sftt1095.pfb><d:/TexLive/2023/texmf-dist/fonts/type1/urw/courier/ucrb8a.pfb><d:/TexLive/2023/texmf-dist/fonts/type1/urw/courier/ucrr8a.pfb><d:/TexLive/2023/texmf-dist/fonts/type1/urw/helvetic/uhvb8a.pfb><d:/TexLive/2023/texmf-dist/fonts/type1/urw/helvetic/uhvr8a.pfb><d:/TexLive/2023/texmf-dist/fonts/type1/urw/helvetic/uhvro8a.pfb><d:/TexLive/2023/texmf-dist/fonts/type1/urw/symbol/usyr.pfb><d:/TexLive/2023/texmf-dist/fonts/type1/urw/times/utmr8a.pfb><d:/TexLive/2023/texmf-dist/fonts/type1/urw/times/utmri8a.pfb>
Output written on bachelorarbeit.pdf (52 pages, 287036 bytes).
PDF statistics:
 610 PDF objects out of 1000 (max. 8388607)
 513 compressed objects within 6 object streams
 140 named destinations out of 1000 (max. 500000)
 313 words of extra memory for PDF output out of 10000 (max. 10000000)

